<?xml version="1.0" encoding="utf-8"?>
<!DOCTYPE coverage SYSTEM "http://cobertura.sourceforge.net/xml/coverage-04.dtd">
<coverage line-rate="0.8333333333333334" branch-rate="0.5555555555555556" lines-covered="55" lines-valid="66" branches-covered="10" branches-valid="18" complexity="26" version="0" timestamp="1780679424">
  <sources>
    <source>E:\</source>
  </sources>
  <packages>
    <package name="WorldSphereAPI" line-rate="0.8333333333333334" branch-rate="0.5555555555555556" complexity="26">
      <classes>
        <class name="WorldSphereAPI" filename="E:\Dev\WorldSphereMod\WorldSphereAPI\WorldSphereAPI.cs" line-rate="0.8333333333333334" branch-rate="0.5555555555555556" complexity="26">
          <methods>
            <method name="get_IsWorld3D" signature="()" line-rate="1" branch-rate="1" complexity="1">
              <lines>
                <line number="38" hits="2" branch="false" />
              </lines>
            </method>
            <method name="get_IsModel3D" signature="()" line-rate="1" branch-rate="0.5" complexity="2">
              <lines>
                <line number="43" hits="9" branch="true" condition-coverage="50% (1/2)" />
              </lines>
            </method>
            <method name="GetVersion" signature="()" line-rate="1" branch-rate="0.5" complexity="2">
              <lines>
                <line number="48" hits="9" branch="true" condition-coverage="50% (1/2)" />
              </lines>
            </method>
            <method name="GetCapabilities" signature="()" line-rate="1" branch-rate="0.5" complexity="2">
              <lines>
                <line number="53" hits="9" branch="true" condition-coverage="50% (1/2)" />
              </lines>
            </method>
            <method name="HasFeature" signature="(System.String)" line-rate="1" branch-rate="0.5" complexity="2">
              <lines>
                <line number="58" hits="24" branch="true" condition-coverage="50% (1/2)" />
              </lines>
            </method>
            <method name="RegisterCustomMesh" signature="(System.String,System.Object,System.Object)" line-rate="1" branch-rate="0.5" complexity="2">
              <lines>
                <line number="66" hits="2" branch="false" />
                <line number="67" hits="2" branch="true" condition-coverage="50% (1/2)" />
                <line number="68" hits="2" branch="false" />
              </lines>
            </method>
            <method name="RegisterBuildingRules" signature="(System.String,System.Object)" line-rate="1" branch-rate="0.5" complexity="2">
              <lines>
                <line number="78" hits="2" branch="false" />
                <line number="79" hits="2" branch="true" condition-coverage="50% (1/2)" />
                <line number="80" hits="2" branch="false" />
              </lines>
            </method>
            <method name="TryBindOptional" signature="(System.Type,System.String,T&amp;)" line-rate="0.7857142857142857" branch-rate="0.5" complexity="2">
              <lines>
                <line number="99" hits="12" branch="false" />
                <line number="100" hits="12" branch="false" />
                <line number="101" hits="12" branch="false" />
                <line number="102" hits="12" branch="true" condition-coverage="50% (1/2)" />
                <line number="103" hits="0" branch="false" />
                <line number="104" hits="0" branch="false" />
                <line number="107" hits="12" branch="false" />
                <line number="108" hits="12" branch="false" />
                <line number="109" hits="0" branch="false" />
                <line number="110" hits="12" branch="false" />
                <line number="111" hits="12" branch="false" />
                <line number="112" hits="12" branch="false" />
                <line number="113" hits="12" branch="false" />
                <line number="114" hits="12" branch="false" />
              </lines>
            </method>
            <method name="GetSetting" signature="(System.String)" line-rate="0.6666666666666666" branch-rate="1" complexity="1">
              <lines>
                <line number="123" hits="1" branch="false" />
                <line number="124" hits="1" branch="false" />
                <line number="125" hits="0" branch="false" />
              </lines>
            </method>
            <method name="MakeActorNonUpright" signature="(System.String)" line-rate="0.6666666666666666" branch-rate="1" complexity="1">
              <lines>
                <line number="131" hits="1" branch="false" />
                <line number="132" hits="1" branch="false" />
                <line number="133" hits="0" branch="false" />
              </lines>
            </method>
            <method name="MakeBuildingNonUpright" signature="(System.String)" line-rate="0.6666666666666666" branch-rate="1" complexity="1">
              <lines>
                <line number="139" hits="1" branch="false" />
                <line number="140" hits="1" branch="false" />
                <line number="141" hits="0" branch="false" />
              </lines>
            </method>
            <method name="MakeProjectileNonUpright" signature="(System.String)" line-rate="0.6666666666666666" branch-rate="1" complexity="1">
              <lines>
                <line number="147" hits="1" branch="false" />
                <line number="148" hits="1" branch="false" />
                <line number="149" hits="0" branch="false" />
              </lines>
            </method>
            <method name="EditEffect" signature="(System.String,System.Boolean,System.Boolean,System.Single,System.Boolean)" line-rate="0.6666666666666666" branch-rate="1" complexity="1">
              <lines>
                <line number="159" hits="1" branch="false" />
                <line number="160" hits="1" branch="false" />
                <line number="161" hits="0" branch="false" />
              </lines>
            </method>
            <method name="Connect" signature="(WorldSphereAPI&amp;)" line-rate="0.7" branch-rate="0.75" complexity="4">
              <lines>
                <line number="168" hits="2" branch="false" />
                <line number="169" hits="2" branch="false" />
                <line number="171" hits="2" branch="true" condition-coverage="100% (2/2)" />
                <line number="172" hits="2" branch="false" />
                <line number="173" hits="2" branch="true" condition-coverage="50% (1/2)" />
                <line number="174" hits="0" branch="false" />
                <line number="175" hits="0" branch="false" />
                <line number="176" hits="0" branch="false" />
                <line number="178" hits="2" branch="false" />
                <line number="179" hits="2" branch="false" />
              </lines>
            </method>
            <method name=".ctor" signature="()" line-rate="1" branch-rate="1" complexity="1">
              <lines>
                <line number="34" hits="48" branch="false" />
              </lines>
            </method>
            <method name=".ctor" signature="(System.Type)" line-rate="1" branch-rate="1" complexity="1">
              <lines>
                <line number="81" hits="4" branch="false" />
                <line number="82" hits="4" branch="false" />
                <line number="83" hits="4" branch="false" />
                <line number="84" hits="3" branch="false" />
                <line number="85" hits="2" branch="false" />
                <line number="86" hits="2" branch="false" />
                <line number="87" hits="2" branch="false" />
                <line number="88" hits="2" branch="false" />
                <line number="91" hits="2" branch="false" />
                <line number="92" hits="2" branch="false" />
                <line number="93" hits="2" branch="false" />
                <line number="94" hits="2" branch="false" />
                <line number="95" hits="2" branch="false" />
                <line number="96" hits="2" branch="false" />
                <line number="97" hits="2" branch="false" />
              </lines>
            </method>
          </methods>
          <lines>
            <line number="34" hits="48" branch="false" />
            <line number="38" hits="2" branch="false" />
            <line number="43" hits="9" branch="true" condition-coverage="50% (1/2)" />
            <line number="48" hits="9" branch="true" condition-coverage="50% (1/2)" />
            <line number="53" hits="9" branch="true" condition-coverage="50% (1/2)" />
            <line number="58" hits="24" branch="true" condition-coverage="50% (1/2)" />
            <line number="66" hits="2" branch="false" />
            <line number="67" hits="2" branch="true" condition-coverage="50% (1/2)" />
            <line number="68" hits="2" branch="false" />
            <line number="78" hits="2" branch="false" />
            <line number="79" hits="2" branch="true" condition-coverage="50% (1/2)" />
            <line number="80" hits="2" branch="false" />
            <line number="81" hits="4" branch="false" />
            <line number="82" hits="4" branch="false" />
            <line number="83" hits="4" branch="false" />
            <line number="84" hits="3" branch="false" />
            <line number="85" hits="2" branch="false" />
            <line number="86" hits="2" branch="false" />
            <line number="87" hits="2" branch="false" />
            <line number="88" hits="2" branch="false" />
            <line number="91" hits="2" branch="false" />
            <line number="92" hits="2" branch="false" />
            <line number="93" hits="2" branch="false" />
            <line number="94" hits="2" branch="false" />
            <line number="95" hits="2" branch="false" />
            <line number="96" hits="2" branch="false" />
            <line number="97" hits="2" branch="false" />
            <line number="99" hits="12" branch="false" />
            <line number="100" hits="12" branch="false" />
            <line number="101" hits="12" branch="false" />
            <line number="102" hits="12" branch="true" condition-coverage="50% (1/2)" />
            <line number="103" hits="0" branch="false" />
            <line number="104" hits="0" branch="false" />
            <line number="107" hits="12" branch="false" />
            <line number="108" hits="12" branch="false" />
            <line number="109" hits="0" branch="false" />
            <line number="110" hits="12" branch="false" />
            <line number="111" hits="12" branch="false" />
            <line number="112" hits="12" branch="false" />
            <line number="113" hits="12" branch="false" />
            <line number="114" hits="12" branch="false" />
            <line number="123" hits="1" branch="false" />
            <line number="124" hits="1" branch="false" />
            <line number="125" hits="0" branch="false" />
            <line number="131" hits="1" branch="false" />
            <line number="132" hits="1" branch="false" />
            <line number="133" hits="0" branch="false" />
            <line number="139" hits="1" branch="false" />
            <line number="140" hits="1" branch="false" />
            <line number="141" hits="0" branch="false" />
            <line number="147" hits="1" branch="false" />
            <line number="148" hits="1" branch="false" />
            <line number="149" hits="0" branch="false" />
            <line number="159" hits="1" branch="false" />
            <line number="160" hits="1" branch="false" />
            <line number="161" hits="0" branch="false" />
            <line number="168" hits="2" branch="false" />
            <line number="169" hits="2" branch="false" />
            <line number="171" hits="2" branch="true" condition-coverage="100% (2/2)" />
            <line number="172" hits="2" branch="false" />
            <line number="173" hits="2" branch="true" condition-coverage="50% (1/2)" />
            <line number="174" hits="0" branch="false" />
            <line number="175" hits="0" branch="false" />
            <line number="176" hits="0" branch="false" />
            <line number="178" hits="2" branch="false" />
            <line number="179" hits="2" branch="false" />
          </lines>
        </class>
      </classes>
    </package>
  </packages>
</coverage>