<?xml version="1.0" encoding="utf-8"?>
<TestRun id="34bd4195-a106-4621-a483-5bbdd739cf5a" name="koosh@KOOSHAPARI-DESK 2026-05-29 02:56:54" runUser="KOOSHAPARI-DESK\koosh" xmlns="http://microsoft.com/schemas/VisualStudio/TeamTest/2010">
  <Times creation="2026-05-29T02:56:54.1795638-07:00" queuing="2026-05-29T02:56:54.1795643-07:00" start="2026-05-29T02:56:48.0520056-07:00" finish="2026-05-29T02:56:56.4189516-07:00" />
  <TestSettings name="default" id="7f949df6-9557-4079-bc23-528b03d6f977">
    <Deployment runDeploymentRoot="koosh_KOOSHAPARI-DESK_2026-05-29_02_56_54" />
  </TestSettings>
  <Results>
    <UnitTestResult executionId="d73d0343-2d77-4189-841d-2e2a75a6b50e" testId="0a57fcc5-f459-b94c-51b7-13059243e8a4" testName="SpriteVoxelDepthExtrusionTests.VoxelMeshCache_greedy_styles_route_to_Build_with_depth(style: &quot;pertexel&quot;)" computerName="KOOSHAPARI-DESK" duration="00:00:00.0013447" startTime="2026-05-29T02:56:54.4576630-07:00" endTime="2026-05-29T02:56:54.4601375-07:00" testType="13cdc9d9-ddb5-4fa4-a97d-d965ccfc6d4b" outcome="Passed" testListId="8c84fa94-04c1-424b-9868-57a2d4851a1d" relativeResultsDirectory="d73d0343-2d77-4189-841d-2e2a75a6b50e" />
    <UnitTestResult executionId="e19c3ee7-b465-46b0-a732-da5e9a2a98d3" testId="bd88cfce-c89a-cd6d-543c-611bca8b4e1c" testName="Phase6RigRegistryTests.VoxelMeshCache_exposes_the_rig_weight_builder" computerName="KOOSHAPARI-DESK" duration="00:00:00.0216788" startTime="2026-05-29T02:56:55.2390431-07:00" endTime="2026-05-29T02:56:55.2605098-07:00" testType="13cdc9d9-ddb5-4fa4-a97d-d965ccfc6d4b" outcome="Passed" testListId="8c84fa94-04c1-424b-9868-57a2d4851a1d" relativeResultsDirectory="e19c3ee7-b465-46b0-a732-da5e9a2a98d3" />
    <UnitTestResult executionId="99c31fc2-a80e-4470-94e2-ae9e368dcb2b" testId="e3e7c417-2093-9106-e9d3-c072a132860e" testName="InstallScriptInvariantsTests.Install_script_verifies_worldbox_directory_before_installing" computerName="KOOSHAPARI-DESK" duration="00:00:00.0010310" startTime="2026-05-29T02:56:54.4389399-07:00" endTime="2026-05-29T02:56:54.4390712-07:00" testType="13cdc9d9-ddb5-4fa4-a97d-d965ccfc6d4b" outcome="Passed" testListId="8c84fa94-04c1-424b-9868-57a2d4851a1d" relativeResultsDirectory="99c31fc2-a80e-4470-94e2-ae9e368dcb2b" />
    <UnitTestResult executionId="6a4b245c-d010-4c9b-b8ba-7993a27f50f7" testId="83191e1d-5768-bb10-25bc-fadf1cf305d1" testName="WorldSphereMod.Tests.Unit.Fuzz.BridgeRpcJsonFuzzTests.TryParseNonNegativeInt_random_strings_never_throw" computerName="KOOSHAPARI-DESK" duration="00:00:00.1718131" startTime="2026-05-29T02:56:56.0085474-07:00" endTime="2026-05-29T02:56:56.1799531-07:00" testType="13cdc9d9-ddb5-4fa4-a97d-d965ccfc6d4b" outcome="Passed" testListId="8c84fa94-04c1-424b-9868-57a2d4851a1d" relativeResultsDirectory="6a4b245c-d010-4c9b-b8ba-7993a27f50f7" />
    <UnitTestResult executionId="21748218-750f-4396-81f6-7f1147aa05fc" testId="fbebd939-5247-5de9-4116-34c26d203d7d" testName="VehicleShapeHintsTests.VehicleShapeHints_lists_mirror_prefix(prefix: &quot;car&quot;)" computerName="KOOSHAPARI-DESK" duration="00:00:00.0009876" startTime="2026-05-29T02:56:54.4007973-07:00" endTime="2026-05-29T02:56:54.4009046-07:00" testType="13cdc9d9-ddb5-4fa4-a97d-d965ccfc6d4b" outcome="Passed" testListId="8c84fa94-04c1-424b-9868-57a2d4851a1d" relativeResultsDirectory="21748218-750f-4396-81f6-7f1147aa05fc" />
    <UnitTestResult executionId="61bfc1f7-0c01-44cb-b560-667f780da292" testId="95b9b284-8484-f63a-0c6e-bd5c679b1406" testName="InstallScriptInvariantsTests.Install_script_does_not_delete_CompoundSpheres_dll" computerName="KOOSHAPARI-DESK" duration="00:00:00.0017656" startTime="2026-05-29T02:56:54.4083135-07:00" endTime="2026-05-29T02:56:54.4381840-07:00" testType="13cdc9d9-ddb5-4fa4-a97d-d965ccfc6d4b" outcome="Passed" testListId="8c84fa94-04c1-424b-9868-57a2d4851a1d" relativeResultsDirectory="61bfc1f7-0c01-44cb-b560-667f780da292" />
    <UnitTestResult executionId="3a1f2d04-306f-485d-a919-57b5993b265c" testId="73bfa346-e5cc-a434-b110-48abb4aa2542" testName="DelegateBindingTests.Reflective_ctor_throws_when_host_is_missing_v1_methods" computerName="KOOSHAPARI-DESK" duration="00:00:00.3841790" startTime="2026-05-29T02:56:54.1499332-07:00" endTime="2026-05-29T02:56:54.3745172-07:00" testType="13cdc9d9-ddb5-4fa4-a97d-d965ccfc6d4b" outcome="Passed" testListId="8c84fa94-04c1-424b-9868-57a2d4851a1d" relativeResultsDirectory="3a1f2d04-306f-485d-a919-57b5993b265c" />
    <UnitTestResult executionId="21056430-88e1-4b47-b23a-cc7ac290b4c3" testId="6764c6a2-1e9c-bc3f-6f16-c8ce2ac7f3b4" testName="AnatomicalTemplateScaffoldTests.SpriteVoxelizer_remains_the_extrusion_fallback_floor" computerName="KOOSHAPARI-DESK" duration="00:00:00.3910740" startTime="2026-05-29T02:56:54.1514107-07:00" endTime="2026-05-29T02:56:54.3928623-07:00" testType="13cdc9d9-ddb5-4fa4-a97d-d965ccfc6d4b" outcome="Passed" testListId="8c84fa94-04c1-424b-9868-57a2d4851a1d" relativeResultsDirectory="21056430-88e1-4b47-b23a-cc7ac290b4c3" />
    <UnitTestResult executionId="60b709d4-0278-4fc1-95e4-950ca37011d1" testId="d674860b-4a2b-3fab-3577-7e6e7bf0d038" testName="SavedSettingsTests.SavedSettings_field_default_value_matches_spec(fieldName: &quot;ProceduralBuildings&quot;, expectedDefault: &quot;false&quot;)" computerName="KOOSHAPARI-DESK" duration="00:00:00.0024210" startTime="2026-05-29T02:56:54.3591364-07:00" endTime="2026-05-29T02:56:54.3612812-07:00" testType="13cdc9d9-ddb5-4fa4-a97d-d965ccfc6d4b" outcome="Passed" testListId="8c84fa94-04c1-424b-9868-57a2d4851a1d" relativeResultsDirectory="60b709d4-0278-4fc1-95e4-950ca37011d1" />
    <UnitTestResult executionId="13fa8af8-6845-4638-83b4-be6390fb9018" testId="fa1e0869-8603-1158-e173-6768a27b9214" testName="SavedSettingsTests.SavedSettings_full_preset_enables_postfx_bloom_and_aces" computerName="KOOSHAPARI-DESK" duration="00:00:00.0018245" startTime="2026-05-29T02:56:54.6120791-07:00" endTime="2026-05-29T02:56:54.6136734-07:00" testType="13cdc9d9-ddb5-4fa4-a97d-d965ccfc6d4b" outcome="Passed" testListId="8c84fa94-04c1-424b-9868-57a2d4851a1d" relativeResultsDirectory="13fa8af8-6845-4638-83b4-be6390fb9018" />
    <UnitTestResult executionId="99c7cd98-406f-4090-b24c-047fcddec988" testId="eb9c510e-65e8-4433-06a6-0530636d5c49" testName="VehicleShapeHintsTests.AssetShapeRegistry_resolveStyle_maps_mirror_to_balloon" computerName="KOOSHAPARI-DESK" duration="00:00:00.0010766" startTime="2026-05-29T02:56:54.4028089-07:00" endTime="2026-05-29T02:56:54.4377568-07:00" testType="13cdc9d9-ddb5-4fa4-a97d-d965ccfc6d4b" outcome="Passed" testListId="8c84fa94-04c1-424b-9868-57a2d4851a1d" relativeResultsDirectory="99c7cd98-406f-4090-b24c-047fcddec988" />
    <UnitTestResult executionId="4568b573-6f39-41a3-9231-cdfdae6b3c3b" testId="73a3604c-1ec4-e60b-7449-22d591fde3ca" testName="PublicApiSurfaceTests.RegisterBuildingRules_is_noop_when_no_host" computerName="KOOSHAPARI-DESK" duration="00:00:00.0008294" startTime="2026-05-29T02:56:54.4436781-07:00" endTime="2026-05-29T02:56:54.4438511-07:00" testType="13cdc9d9-ddb5-4fa4-a97d-d965ccfc6d4b" outcome="Passed" testListId="8c84fa94-04c1-424b-9868-57a2d4851a1d" relativeResultsDirectory="4568b573-6f39-41a3-9231-cdfdae6b3c3b" />
    <UnitTestResult executionId="ff5bc298-9d6d-4527-b182-403f0bf7c14a" testId="dddc730e-c3ad-ca67-9b2e-53ab45d23761" testName="DelegateBindingTests.Reflective_ctor_binds_v2_surface_against_v2_host" computerName="KOOSHAPARI-DESK" duration="00:00:00.0010000" startTime="2026-05-29T02:56:54.1490034-07:00" endTime="2026-05-29T02:56:54.1490779-07:00" testType="13cdc9d9-ddb5-4fa4-a97d-d965ccfc6d4b" outcome="NotExecuted" testListId="8c84fa94-04c1-424b-9868-57a2d4851a1d" relativeResultsDirectory="ff5bc298-9d6d-4527-b182-403f0bf7c14a">
      <Output>
        <ErrorInfo>
          <Message>WorldSphereAPI v1/v2 delegate signatures evolved post-wave-19; fixture rewrite pending</Message>
        </ErrorInfo>
      </Output>
    </UnitTestResult>
    <UnitTestResult executionId="6746153f-023c-4c6a-9320-1448fd77356f" testId="5ce59e4f-0171-f9d2-b6c7-45a54a852e43" testName="SavedSettingsTests.SavedSettings_v2_phase_fields_all_have_bool_type" computerName="KOOSHAPARI-DESK" duration="00:00:00.0025263" startTime="2026-05-29T02:56:54.3835507-07:00" endTime="2026-05-29T02:56:54.3866827-07:00" testType="13cdc9d9-ddb5-4fa4-a97d-d965ccfc6d4b" outcome="Passed" testListId="8c84fa94-04c1-424b-9868-57a2d4851a1d" relativeResultsDirectory="6746153f-023c-4c6a-9320-1448fd77356f" />
    <UnitTestResult executionId="12d0df18-f093-474a-9a0f-70197c383976" testId="b31ace1a-2c85-3e69-87b4-e097b98cae44" testName="Phase6RigRegistryTests.Constants_registry_omits_unconfirmed_catalog_asset_ids" computerName="KOOSHAPARI-DESK" duration="00:00:00.0012770" startTime="2026-05-29T02:56:54.4733461-07:00" endTime="2026-05-29T02:56:54.4734460-07:00" testType="13cdc9d9-ddb5-4fa4-a97d-d965ccfc6d4b" outcome="Passed" testListId="8c84fa94-04c1-424b-9868-57a2d4851a1d" relativeResultsDirectory="12d0df18-f093-474a-9a0f-70197c383976" />
    <UnitTestResult executionId="1126ba36-32dc-48d6-b602-2c55eb1f83df" testId="85bff656-eaa6-bce3-2fab-42cf32d29142" testName="AssetShapeRegistryTests.RegistryContainsExpectedMapping(prefix: &quot;bush&quot;, hint: &quot;Cylinder&quot;)" computerName="KOOSHAPARI-DESK" duration="00:00:00.0009246" startTime="2026-05-29T02:56:54.3740841-07:00" endTime="2026-05-29T02:56:54.3788776-07:00" testType="13cdc9d9-ddb5-4fa4-a97d-d965ccfc6d4b" outcome="Passed" testListId="8c84fa94-04c1-424b-9868-57a2d4851a1d" relativeResultsDirectory="1126ba36-32dc-48d6-b602-2c55eb1f83df" />
    <UnitTestResult executionId="9396e603-4e2b-458b-871b-7698922b033b" testId="ccd3b11d-40f2-8f58-b5e3-dec7eacb0abf" testName="SavedSettingsTests.SavedSettings_phase5b_defaults_match_code" computerName="KOOSHAPARI-DESK" duration="00:00:00.0016706" startTime="2026-05-29T02:56:54.6177865-07:00" endTime="2026-05-29T02:56:54.6192135-07:00" testType="13cdc9d9-ddb5-4fa4-a97d-d965ccfc6d4b" outcome="Passed" testListId="8c84fa94-04c1-424b-9868-57a2d4851a1d" relativeResultsDirectory="9396e603-4e2b-458b-871b-7698922b033b" />
    <UnitTestResult executionId="bfe01e16-b049-4a6d-a01f-a564ebfc88dd" testId="df59d211-a720-6f5a-f09d-4b7d9bb4d92a" testName="AssetShapeRegistryTests.RegistryContainsExpectedMapping(prefix: &quot;human&quot;, hint: &quot;Flat&quot;)" computerName="KOOSHAPARI-DESK" duration="00:00:00.0008053" startTime="2026-05-29T02:56:54.3600402-07:00" endTime="2026-05-29T02:56:54.3606266-07:00" testType="13cdc9d9-ddb5-4fa4-a97d-d965ccfc6d4b" outcome="Passed" testListId="8c84fa94-04c1-424b-9868-57a2d4851a1d" relativeResultsDirectory="bfe01e16-b049-4a6d-a01f-a564ebfc88dd" />
    <UnitTestResult executionId="a86d0014-f1b7-4741-8ad0-f2a16ce1ae03" testId="9fa3b30a-6d2b-b699-0d34-6985841ea51f" testName="McPackLoaderManifestTests.IsImporterStubManifest_rejects_baked_atlas_manifest" computerName="KOOSHAPARI-DESK" duration="00:00:00.0029100" startTime="2026-05-29T02:56:54.3872791-07:00" endTime="2026-05-29T02:56:54.3955026-07:00" testType="13cdc9d9-ddb5-4fa4-a97d-d965ccfc6d4b" outcome="Passed" testListId="8c84fa94-04c1-424b-9868-57a2d4851a1d" relativeResultsDirectory="a86d0014-f1b7-4741-8ad0-f2a16ce1ae03" />
    <UnitTestResult executionId="43982522-f1af-4a93-8091-87b8ef9ef93c" testId="64b2c330-2ed1-e4a0-7fba-c75e3666c9f0" testName="SavedSettingsTests.SavedSettings_field_default_value_matches_spec(fieldName: &quot;VoxelEntities&quot;, expectedDefault: &quot;true&quot;)" computerName="KOOSHAPARI-DESK" duration="00:00:00.0009902" startTime="2026-05-29T02:56:54.3692696-07:00" endTime="2026-05-29T02:56:54.3693719-07:00" testType="13cdc9d9-ddb5-4fa4-a97d-d965ccfc6d4b" outcome="Passed" testListId="8c84fa94-04c1-424b-9868-57a2d4851a1d" relativeResultsDirectory="43982522-f1af-4a93-8091-87b8ef9ef93c" />
    <UnitTestResult executionId="26c7911b-2e6c-4e21-88c7-63471d913a25" testId="77515aff-1c8f-d2d5-acf6-89a6aa6f7a00" testName="SpriteVoxelDepthExtrusionTests.VoxelMeshCache_lathe_forces_unset_depth_so_VoxelSpriteDepth_is_ignored" computerName="KOOSHAPARI-DESK" duration="00:00:00.0016726" startTime="2026-05-29T02:56:54.6630604-07:00" endTime="2026-05-29T02:56:54.6671322-07:00" testType="13cdc9d9-ddb5-4fa4-a97d-d965ccfc6d4b" outcome="Passed" testListId="8c84fa94-04c1-424b-9868-57a2d4851a1d" relativeResultsDirectory="26c7911b-2e6c-4e21-88c7-63471d913a25" />
    <UnitTestResult executionId="ef73c51d-b77c-463c-9652-88cd0a8733a7" testId="75d483ea-6ed2-eeb4-89e9-45a4ff5e9b17" testName="VehicleShapeHintsTests.AssetShapeRegistry_maps_vehicle_prefixes_to_mirror(prefix: &quot;tank&quot;, hint: &quot;Mirror&quot;)" computerName="KOOSHAPARI-DESK" duration="00:00:00.0013251" startTime="2026-05-29T02:56:54.3865792-07:00" endTime="2026-05-29T02:56:54.3873734-07:00" testType="13cdc9d9-ddb5-4fa4-a97d-d965ccfc6d4b" outcome="Passed" testListId="8c84fa94-04c1-424b-9868-57a2d4851a1d" relativeResultsDirectory="ef73c51d-b77c-463c-9652-88cd0a8733a7" />
    <UnitTestResult executionId="48ac0c0c-7422-4f19-ba27-c9defe2a9309" testId="e938bcc3-f39a-4cb2-c669-4b0d15f2a44a" testName="VehicleShapeHintsTests.AssetShapeRegistry_maps_vehicle_prefixes_to_mirror(prefix: &quot;cart&quot;, hint: &quot;Mirror&quot;)" computerName="KOOSHAPARI-DESK" duration="00:00:00.0009785" startTime="2026-05-29T02:56:54.3968440-07:00" endTime="2026-05-29T02:56:54.3969753-07:00" testType="13cdc9d9-ddb5-4fa4-a97d-d965ccfc6d4b" outcome="Passed" testListId="8c84fa94-04c1-424b-9868-57a2d4851a1d" relativeResultsDirectory="48ac0c0c-7422-4f19-ba27-c9defe2a9309" />
    <UnitTestResult executionId="5eb65d00-d604-4f36-ab13-aa6907dbbcaa" testId="a2fa70fa-4b8a-2c1e-b21f-80694152cc17" testName="VehicleShapeHintsTests.VehicleShapeHints_lists_mirror_prefix(prefix: &quot;vehicle&quot;)" computerName="KOOSHAPARI-DESK" duration="00:00:00.0009204" startTime="2026-05-29T02:56:54.4014281-07:00" endTime="2026-05-29T02:56:54.4015718-07:00" testType="13cdc9d9-ddb5-4fa4-a97d-d965ccfc6d4b" outcome="Passed" testListId="8c84fa94-04c1-424b-9868-57a2d4851a1d" relativeResultsDirectory="5eb65d00-d604-4f36-ab13-aa6907dbbcaa" />
    <UnitTestResult executionId="b9262b6d-236f-4f0c-980c-4ac977def8e5" testId="5c52c795-a243-19ac-5124-2021ba1619e9" testName="InstallScriptInvariantsTests.Install_script_references_neomodeloader_compile_step" computerName="KOOSHAPARI-DESK" duration="00:00:00.4124624" startTime="2026-05-29T02:56:54.0329592-07:00" endTime="2026-05-29T02:56:54.4029452-07:00" testType="13cdc9d9-ddb5-4fa4-a97d-d965ccfc6d4b" outcome="Passed" testListId="8c84fa94-04c1-424b-9868-57a2d4851a1d" relativeResultsDirectory="b9262b6d-236f-4f0c-980c-4ac977def8e5" />
    <UnitTestResult executionId="a712631b-e6a3-4cd0-96b7-8016e9c128d4" testId="9614baf6-0442-ca1f-d343-3ab532cae93c" testName="SavedSettingsTests.Wsm3d_PhaseDefaults_match_SavedSettings_bool_defaults" computerName="KOOSHAPARI-DESK" duration="00:00:00.0861434" startTime="2026-05-29T02:56:54.4600891-07:00" endTime="2026-05-29T02:56:54.5282455-07:00" testType="13cdc9d9-ddb5-4fa4-a97d-d965ccfc6d4b" outcome="Passed" testListId="8c84fa94-04c1-424b-9868-57a2d4851a1d" relativeResultsDirectory="a712631b-e6a3-4cd0-96b7-8016e9c128d4" />
    <UnitTestResult executionId="4e9d98ef-a50a-41da-8c1d-36073a045d43" testId="ee940cd3-5824-ce38-4059-85cf05a7b037" testName="VehicleShapeHintsTests.VehicleShapeHints_lists_mirror_prefix(prefix: &quot;cart&quot;)" computerName="KOOSHAPARI-DESK" duration="00:00:00.0012516" startTime="2026-05-29T02:56:54.4004629-07:00" endTime="2026-05-29T02:56:54.4005818-07:00" testType="13cdc9d9-ddb5-4fa4-a97d-d965ccfc6d4b" outcome="Passed" testListId="8c84fa94-04c1-424b-9868-57a2d4851a1d" relativeResultsDirectory="4e9d98ef-a50a-41da-8c1d-36073a045d43" />
    <UnitTestResult executionId="cfdedff5-aa95-4c23-858d-440931bd2166" testId="a453cc9f-925a-978b-9e5c-67f7a1dfdd59" testName="HumanoidRigBindPoseTests.RestPose_BakedAtScaleOne" computerName="KOOSHAPARI-DESK" duration="00:00:00.0012253" startTime="2026-05-29T02:56:54.3591856-07:00" endTime="2026-05-29T02:56:54.3597785-07:00" testType="13cdc9d9-ddb5-4fa4-a97d-d965ccfc6d4b" outcome="Passed" testListId="8c84fa94-04c1-424b-9868-57a2d4851a1d" relativeResultsDirectory="cfdedff5-aa95-4c23-858d-440931bd2166" />
    <UnitTestResult executionId="42b405cd-8a8d-4e7b-982d-65f968e68722" testId="48fdc14b-3096-6d1e-b78e-da9ced6a5209" testName="VehicleShapeHintsTests.VehicleShapeHints_lists_mirror_prefix(prefix: &quot;wagon&quot;)" computerName="KOOSHAPARI-DESK" duration="00:00:00.0010057" startTime="2026-05-29T02:56:54.4001043-07:00" endTime="2026-05-29T02:56:54.4002380-07:00" testType="13cdc9d9-ddb5-4fa4-a97d-d965ccfc6d4b" outcome="Passed" testListId="8c84fa94-04c1-424b-9868-57a2d4851a1d" relativeResultsDirectory="42b405cd-8a8d-4e7b-982d-65f968e68722" />
    <UnitTestResult executionId="20879d6e-ad8a-46bd-b186-fdff2c34c40a" testId="43ee8b07-ff28-75ae-d9e4-2761f537cf27" testName="WorldSphereMod.Tests.Unit.Fuzz.SavedSettingsJsonFuzzTests.TryDeserialize_random_malformed_input_never_throws" computerName="KOOSHAPARI-DESK" duration="00:00:00.2610302" startTime="2026-05-29T02:56:55.8485938-07:00" endTime="2026-05-29T02:56:56.1095260-07:00" testType="13cdc9d9-ddb5-4fa4-a97d-d965ccfc6d4b" outcome="Passed" testListId="8c84fa94-04c1-424b-9868-57a2d4851a1d" relativeResultsDirectory="20879d6e-ad8a-46bd-b186-fdff2c34c40a" />
    <UnitTestResult executionId="be466710-043e-47f7-9e98-38360c8f324c" testId="b5da93b2-af50-21c5-c470-4bcdf61a15e5" testName="SavedSettingsTests.SavedSettings_field_default_value_matches_spec(fieldName: &quot;ParticleEffects&quot;, expectedDefault: &quot;false&quot;)" computerName="KOOSHAPARI-DESK" duration="00:00:00.0012423" startTime="2026-05-29T02:56:54.3787253-07:00" endTime="2026-05-29T02:56:54.3792643-07:00" testType="13cdc9d9-ddb5-4fa4-a97d-d965ccfc6d4b" outcome="Passed" testListId="8c84fa94-04c1-424b-9868-57a2d4851a1d" relativeResultsDirectory="be466710-043e-47f7-9e98-38360c8f324c" />
    <UnitTestResult executionId="ee09de5f-6425-47a9-8771-b9afb140605f" testId="d82d3ee5-0775-642c-ef99-56dc799be85d" testName="PublicApiSurfaceTests.MakeActorNonUpright_throws_when_no_host_v1_surface_is_unguarded" computerName="KOOSHAPARI-DESK" duration="00:00:00.0009245" startTime="2026-05-29T02:56:54.4458321-07:00" endTime="2026-05-29T02:56:54.4459655-07:00" testType="13cdc9d9-ddb5-4fa4-a97d-d965ccfc6d4b" outcome="Passed" testListId="8c84fa94-04c1-424b-9868-57a2d4851a1d" relativeResultsDirectory="ee09de5f-6425-47a9-8771-b9afb140605f" />
    <UnitTestResult executionId="bf8a7bed-778c-4148-bce4-adb76d7ce096" testId="c689b9dd-dbc8-2c3f-3eaf-99af426a4f65" testName="WorldSphereMod.Tests.Unit.Fuzz.BridgeRpcJsonFuzzTests.TryParseSettingValue_random_strings_never_throw_for_all_saved_settings_fields" computerName="KOOSHAPARI-DESK" duration="00:00:00.3172214" startTime="2026-05-29T02:56:54.6625466-07:00" endTime="2026-05-29T02:56:54.9796212-07:00" testType="13cdc9d9-ddb5-4fa4-a97d-d965ccfc6d4b" outcome="Passed" testListId="8c84fa94-04c1-424b-9868-57a2d4851a1d" relativeResultsDirectory="bf8a7bed-778c-4148-bce4-adb76d7ce096" />
    <UnitTestResult executionId="9babc419-c890-48ca-9678-c87f4ee171f0" testId="d088eeab-0c87-14f7-4ebd-af77ea77dedd" testName="SavedSettingsTests.SavedSettings_field_default_value_matches_spec(fieldName: &quot;SkeletalAnimation&quot;, expectedDefault: &quot;false&quot;)" computerName="KOOSHAPARI-DESK" duration="00:00:00.2961992" startTime="2026-05-29T02:56:54.1516237-07:00" endTime="2026-05-29T02:56:54.3554389-07:00" testType="13cdc9d9-ddb5-4fa4-a97d-d965ccfc6d4b" outcome="Passed" testListId="8c84fa94-04c1-424b-9868-57a2d4851a1d" relativeResultsDirectory="9babc419-c890-48ca-9678-c87f4ee171f0" />
    <UnitTestResult executionId="e92a1a15-67db-458a-a310-710002e73569" testId="6df36820-192b-a4a5-cd70-86c335e3b212" testName="AssetShapeRegistryTests.ResolveStyle_HonorsManualOverride" computerName="KOOSHAPARI-DESK" duration="00:00:00.0010131" startTime="2026-05-29T02:56:54.3839439-07:00" endTime="2026-05-29T02:56:54.3860189-07:00" testType="13cdc9d9-ddb5-4fa4-a97d-d965ccfc6d4b" outcome="Passed" testListId="8c84fa94-04c1-424b-9868-57a2d4851a1d" relativeResultsDirectory="e92a1a15-67db-458a-a310-710002e73569" />
    <UnitTestResult executionId="a7088777-22cf-4883-a91c-7e83ab6445db" testId="855ecb30-6a13-a4d4-ff66-02dbf1618652" testName="TexturePackImporterTests.EnumerateBlockTextureNames_finds_pngs_in_zip_pack" computerName="KOOSHAPARI-DESK" duration="00:00:00.5672266" startTime="2026-05-29T02:56:54.0330341-07:00" endTime="2026-05-29T02:56:54.5455055-07:00" testType="13cdc9d9-ddb5-4fa4-a97d-d965ccfc6d4b" outcome="Passed" testListId="8c84fa94-04c1-424b-9868-57a2d4851a1d" relativeResultsDirectory="a7088777-22cf-4883-a91c-7e83ab6445db" />
    <UnitTestResult executionId="7c266204-7c4f-4fce-aefc-630f57cfce67" testId="4a21db1d-fa4f-836a-b203-b7e99cfa2ac8" testName="SavedSettingsTests.SavedSettings_field_default_value_matches_spec(fieldName: &quot;MeshWater&quot;, expectedDefault: &quot;false&quot;)" computerName="KOOSHAPARI-DESK" duration="00:00:00.0017957" startTime="2026-05-29T02:56:54.3772324-07:00" endTime="2026-05-29T02:56:54.3784640-07:00" testType="13cdc9d9-ddb5-4fa4-a97d-d965ccfc6d4b" outcome="Passed" testListId="8c84fa94-04c1-424b-9868-57a2d4851a1d" relativeResultsDirectory="7c266204-7c4f-4fce-aefc-630f57cfce67" />
    <UnitTestResult executionId="6fbe31eb-14cd-454e-a177-c258e3aad80e" testId="9dfc33dc-90cc-4df6-e356-0dc32fcf21e3" testName="LocaleKeyCoverageTests.En_json_does_not_have_orphaned_phase_keys" computerName="KOOSHAPARI-DESK" duration="00:00:00.0038543" startTime="2026-05-29T02:56:54.4551514-07:00" endTime="2026-05-29T02:56:54.4610065-07:00" testType="13cdc9d9-ddb5-4fa4-a97d-d965ccfc6d4b" outcome="Passed" testListId="8c84fa94-04c1-424b-9868-57a2d4851a1d" relativeResultsDirectory="6fbe31eb-14cd-454e-a177-c258e3aad80e" />
    <UnitTestResult executionId="4734c3d5-c4cd-4883-92a6-e23256e07ad0" testId="96d9987a-c2d2-25c2-8523-c8fb6733ee9d" testName="SpriteVoxelDepthExtrusionTests.VoxelMeshCache_dispatch_recognizes_inflation_style(style: &quot;legacy-pertexel&quot;)" computerName="KOOSHAPARI-DESK" duration="00:00:00.0011951" startTime="2026-05-29T02:56:54.4608920-07:00" endTime="2026-05-29T02:56:54.4614409-07:00" testType="13cdc9d9-ddb5-4fa4-a97d-d965ccfc6d4b" outcome="Passed" testListId="8c84fa94-04c1-424b-9868-57a2d4851a1d" relativeResultsDirectory="4734c3d5-c4cd-4883-92a6-e23256e07ad0" />
    <UnitTestResult executionId="a3d31c10-afe7-4180-8886-c10de42048ee" testId="0a715ec9-e34c-a550-2b71-99e8bf5cbbdc" testName="PublicApiSurfaceTests.EditEffect_throws_when_no_host_v1_surface_is_unguarded" computerName="KOOSHAPARI-DESK" duration="00:00:00.2755585" startTime="2026-05-29T02:56:54.1522357-07:00" endTime="2026-05-29T02:56:54.3747004-07:00" testType="13cdc9d9-ddb5-4fa4-a97d-d965ccfc6d4b" outcome="Passed" testListId="8c84fa94-04c1-424b-9868-57a2d4851a1d" relativeResultsDirectory="a3d31c10-afe7-4180-8886-c10de42048ee" />
    <UnitTestResult executionId="a6a00700-a8b7-46aa-9397-95ed5d928cd2" testId="da19f247-6344-c84a-36a1-646aff84e6c3" testName="SavedSettingsTests.SavedSettings_field_default_value_matches_spec(fieldName: &quot;WorldspaceUI&quot;, expectedDefault: &quot;false&quot;)" computerName="KOOSHAPARI-DESK" duration="00:00:00.0011767" startTime="2026-05-29T02:56:54.3614602-07:00" endTime="2026-05-29T02:56:54.3669540-07:00" testType="13cdc9d9-ddb5-4fa4-a97d-d965ccfc6d4b" outcome="Passed" testListId="8c84fa94-04c1-424b-9868-57a2d4851a1d" relativeResultsDirectory="a6a00700-a8b7-46aa-9397-95ed5d928cd2" />
    <UnitTestResult executionId="347d53e4-8e46-4ab0-9489-d5da97fbc755" testId="69894a8c-d4e3-e6b2-0c52-5021b908bd1b" testName="PublicApiSurfaceTests.Discovery_methods_return_safe_defaults_when_no_host" computerName="KOOSHAPARI-DESK" duration="00:00:00.0003751" startTime="2026-05-29T02:56:54.4453607-07:00" endTime="2026-05-29T02:56:54.4454986-07:00" testType="13cdc9d9-ddb5-4fa4-a97d-d965ccfc6d4b" outcome="Passed" testListId="8c84fa94-04c1-424b-9868-57a2d4851a1d" relativeResultsDirectory="347d53e4-8e46-4ab0-9489-d5da97fbc755" />
    <UnitTestResult executionId="7900ee58-7806-4edf-b4ed-bdeef80c7410" testId="b7debeae-f620-c85f-b3f7-1688d0483a8d" testName="DayNightSmoothCurveTests.Dense_samples_never_step_more_than_small_delta" computerName="KOOSHAPARI-DESK" duration="00:00:00.0009560" startTime="2026-05-29T02:56:54.4555809-07:00" endTime="2026-05-29T02:56:54.4581586-07:00" testType="13cdc9d9-ddb5-4fa4-a97d-d965ccfc6d4b" outcome="Passed" testListId="8c84fa94-04c1-424b-9868-57a2d4851a1d" relativeResultsDirectory="7900ee58-7806-4edf-b4ed-bdeef80c7410" />
    <UnitTestResult executionId="890dae92-ba83-4a2d-806a-e4da2fc3e540" testId="37f0dd18-b2fc-6dcd-75cb-e71039468edc" testName="Phase6RigRegistryTests.RigCache_uses_the_shared_bone_weight_builder_for_humanoids" computerName="KOOSHAPARI-DESK" duration="00:00:00.3917928" startTime="2026-05-29T02:56:54.0328804-07:00" endTime="2026-05-29T02:56:54.3840679-07:00" testType="13cdc9d9-ddb5-4fa4-a97d-d965ccfc6d4b" outcome="Passed" testListId="8c84fa94-04c1-424b-9868-57a2d4851a1d" relativeResultsDirectory="890dae92-ba83-4a2d-806a-e4da2fc3e540" />
    <UnitTestResult executionId="23b907bd-1254-49fc-850e-263fc6b0fa3c" testId="402ca63f-49a9-f350-7bf4-3e72b1e221bf" testName="PublicApiSurfaceTests.RegisterCustomMesh_is_noop_when_no_host" computerName="KOOSHAPARI-DESK" duration="00:00:00.0008308" startTime="2026-05-29T02:56:54.4446763-07:00" endTime="2026-05-29T02:56:54.4449748-07:00" testType="13cdc9d9-ddb5-4fa4-a97d-d965ccfc6d4b" outcome="Passed" testListId="8c84fa94-04c1-424b-9868-57a2d4851a1d" relativeResultsDirectory="23b907bd-1254-49fc-850e-263fc6b0fa3c" />
    <UnitTestResult executionId="1b94c1a7-fccc-4f7d-b306-fef2f36e073a" testId="936226d9-040b-c68a-8ab2-28d70bbc578d" testName="TexturePackImporterTests.EnumerateBlockTextureNames_finds_pngs_in_folder_pack" computerName="KOOSHAPARI-DESK" duration="00:00:00.0206378" startTime="2026-05-29T02:56:55.1025981-07:00" endTime="2026-05-29T02:56:55.1229388-07:00" testType="13cdc9d9-ddb5-4fa4-a97d-d965ccfc6d4b" outcome="Passed" testListId="8c84fa94-04c1-424b-9868-57a2d4851a1d" relativeResultsDirectory="1b94c1a7-fccc-4f7d-b306-fef2f36e073a" />
    <UnitTestResult executionId="00801dd3-7b3a-444e-ad51-e24dbfd855fa" testId="3b049753-d3f0-b9af-5817-bcc79e6c62f4" testName="AssetShapeRegistryTests.RegistryHasAuto_DefaultFallback" computerName="KOOSHAPARI-DESK" duration="00:00:00.0010321" startTime="2026-05-29T02:56:54.3833586-07:00" endTime="2026-05-29T02:56:54.3836825-07:00" testType="13cdc9d9-ddb5-4fa4-a97d-d965ccfc6d4b" outcome="Passed" testListId="8c84fa94-04c1-424b-9868-57a2d4851a1d" relativeResultsDirectory="00801dd3-7b3a-444e-ad51-e24dbfd855fa" />
    <UnitTestResult executionId="fbeb3089-248c-4978-a69b-f08ee381bdb7" testId="3adff2f7-0c5f-c584-3448-ca6f9b384287" testName="PublicApiSurfaceTests.MakeProjectileNonUpright_throws_when_no_host_v1_surface_is_unguarded" computerName="KOOSHAPARI-DESK" duration="00:00:00.0012629" startTime="2026-05-29T02:56:54.3752211-07:00" endTime="2026-05-29T02:56:54.3773840-07:00" testType="13cdc9d9-ddb5-4fa4-a97d-d965ccfc6d4b" outcome="Passed" testListId="8c84fa94-04c1-424b-9868-57a2d4851a1d" relativeResultsDirectory="fbeb3089-248c-4978-a69b-f08ee381bdb7" />
    <UnitTestResult executionId="d2c18968-13e9-4558-a6ba-665cd25f8102" testId="97e12cd2-406a-d277-6ae9-fa660c171f83" testName="WorldSphereMod.Tests.Unit.Fuzz.SavedSettingsJsonFuzzTests.ApplyTerrainSmoothingMigration_copies_legacy_field_when_present" computerName="KOOSHAPARI-DESK" duration="00:00:00.0005113" startTime="2026-05-29T02:56:55.8480215-07:00" endTime="2026-05-29T02:56:55.8482551-07:00" testType="13cdc9d9-ddb5-4fa4-a97d-d965ccfc6d4b" outcome="Passed" testListId="8c84fa94-04c1-424b-9868-57a2d4851a1d" relativeResultsDirectory="d2c18968-13e9-4558-a6ba-665cd25f8102" />
    <UnitTestResult executionId="3e1f5c70-8ee4-4af4-ad49-d3864603f317" testId="113b8cab-7843-8ea3-f8df-2b7f31fb96ad" testName="SpriteVoxelDepthExtrusionTests.SpriteVoxelizer_Build_symmetrically_centers_extrusion_on_Z" computerName="KOOSHAPARI-DESK" duration="00:00:00.0016485" startTime="2026-05-29T02:56:54.6575495-07:00" endTime="2026-05-29T02:56:54.6589086-07:00" testType="13cdc9d9-ddb5-4fa4-a97d-d965ccfc6d4b" outcome="Passed" testListId="8c84fa94-04c1-424b-9868-57a2d4851a1d" relativeResultsDirectory="3e1f5c70-8ee4-4af4-ad49-d3864603f317" />
    <UnitTestResult executionId="cfccf5e3-6bf9-43a8-ba69-e6dc06443978" testId="12510675-5a62-c6bc-81cb-15530320d745" testName="PublicApiSurfaceTests.Connect_returns_false_when_no_host_present" computerName="KOOSHAPARI-DESK" duration="00:00:00.0028675" startTime="2026-05-29T02:56:54.4469405-07:00" endTime="2026-05-29T02:56:54.4490665-07:00" testType="13cdc9d9-ddb5-4fa4-a97d-d965ccfc6d4b" outcome="Passed" testListId="8c84fa94-04c1-424b-9868-57a2d4851a1d" relativeResultsDirectory="cfccf5e3-6bf9-43a8-ba69-e6dc06443978" />
    <UnitTestResult executionId="d2160d79-da90-44e3-9b19-a15a355a56b2" testId="0c5bcbc2-fb6e-afdd-4488-d7300753d143" testName="SpriteVoxelDepthExtrusionTests.Rig_paths_resolve_depth_via_unset_not_hardcoded_eight" computerName="KOOSHAPARI-DESK" duration="00:00:00.0037249" startTime="2026-05-29T02:56:54.6592373-07:00" endTime="2026-05-29T02:56:54.6627312-07:00" testType="13cdc9d9-ddb5-4fa4-a97d-d965ccfc6d4b" outcome="Passed" testListId="8c84fa94-04c1-424b-9868-57a2d4851a1d" relativeResultsDirectory="d2160d79-da90-44e3-9b19-a15a355a56b2" />
    <UnitTestResult executionId="26b984d4-cf9e-44c7-b62b-d3fd37f1440b" testId="b9d4ac6d-be6e-2d59-cb72-2c314ff39508" testName="VehicleShapeHintsTests.AssetShapeRegistry_maps_vehicle_prefixes_to_mirror(prefix: &quot;wagon&quot;, hint: &quot;Mirror&quot;)" computerName="KOOSHAPARI-DESK" duration="00:00:00.0008803" startTime="2026-05-29T02:56:54.3976400-07:00" endTime="2026-05-29T02:56:54.3977600-07:00" testType="13cdc9d9-ddb5-4fa4-a97d-d965ccfc6d4b" outcome="Passed" testListId="8c84fa94-04c1-424b-9868-57a2d4851a1d" relativeResultsDirectory="26b984d4-cf9e-44c7-b62b-d3fd37f1440b" />
    <UnitTestResult executionId="46978889-0328-483b-aa65-de1c9d4b4fc0" testId="5c1ef32a-5f48-9be1-8bc6-e4e1ef511c48" testName="LocaleKeyCoverageTests.Extracted_phase_toggles_from_code_match_expected_eleven_phases" computerName="KOOSHAPARI-DESK" duration="00:00:00.0048390" startTime="2026-05-29T02:56:54.4613235-07:00" endTime="2026-05-29T02:56:54.4641261-07:00" testType="13cdc9d9-ddb5-4fa4-a97d-d965ccfc6d4b" outcome="Passed" testListId="8c84fa94-04c1-424b-9868-57a2d4851a1d" relativeResultsDirectory="46978889-0328-483b-aa65-de1c9d4b4fc0" />
    <UnitTestResult executionId="d169cc94-4f54-4c66-a645-5116df4dd8f6" testId="eb7a4c21-5113-ded8-991f-43fba4b47600" testName="SpriteVoxelDepthExtrusionTests.VoxelMeshCache_dispatch_recognizes_inflation_style(style: &quot;balloon&quot;)" computerName="KOOSHAPARI-DESK" duration="00:00:00.0020208" startTime="2026-05-29T02:56:54.4632909-07:00" endTime="2026-05-29T02:56:54.4634239-07:00" testType="13cdc9d9-ddb5-4fa4-a97d-d965ccfc6d4b" outcome="Passed" testListId="8c84fa94-04c1-424b-9868-57a2d4851a1d" relativeResultsDirectory="d169cc94-4f54-4c66-a645-5116df4dd8f6" />
    <UnitTestResult executionId="685aa096-ed4f-488b-b98a-c1cd01c7224f" testId="5c0e19dc-36a1-7a87-85d9-4f0e89de72de" testName="AssetShapeRegistryTests.RegistryContainsExpectedMapping(prefix: &quot;bunker&quot;, hint: &quot;LongX&quot;)" computerName="KOOSHAPARI-DESK" duration="00:00:00.0007087" startTime="2026-05-29T02:56:54.3818233-07:00" endTime="2026-05-29T02:56:54.3822203-07:00" testType="13cdc9d9-ddb5-4fa4-a97d-d965ccfc6d4b" outcome="Passed" testListId="8c84fa94-04c1-424b-9868-57a2d4851a1d" relativeResultsDirectory="685aa096-ed4f-488b-b98a-c1cd01c7224f" />
    <UnitTestResult executionId="01f7a409-f7cf-4208-ba97-626c50675eb0" testId="8a8b9d99-77e9-dcdf-90e4-5f737bffdb82" testName="WorldSphereMod.Tests.Unit.Fuzz.SavedSettingsJsonFuzzTests.TryDeserialize_partial_payloads_never_throw_and_recognized_fields_apply" computerName="KOOSHAPARI-DESK" duration="00:00:00.6513806" startTime="2026-05-29T02:56:54.3783281-07:00" endTime="2026-05-29T02:56:55.0154205-07:00" testType="13cdc9d9-ddb5-4fa4-a97d-d965ccfc6d4b" outcome="Passed" testListId="8c84fa94-04c1-424b-9868-57a2d4851a1d" relativeResultsDirectory="01f7a409-f7cf-4208-ba97-626c50675eb0" />
    <UnitTestResult executionId="724a2cee-26fd-4238-bfd7-874248a45472" testId="a7f3e5e8-edba-17f1-3cca-0114c7264391" testName="AssetShapeRegistryTests.RegistryContainsExpectedMapping(prefix: &quot;ship&quot;, hint: &quot;Mirror&quot;)" computerName="KOOSHAPARI-DESK" duration="00:00:00.0007843" startTime="2026-05-29T02:56:54.3674148-07:00" endTime="2026-05-29T02:56:54.3675106-07:00" testType="13cdc9d9-ddb5-4fa4-a97d-d965ccfc6d4b" outcome="Passed" testListId="8c84fa94-04c1-424b-9868-57a2d4851a1d" relativeResultsDirectory="724a2cee-26fd-4238-bfd7-874248a45472" />
    <UnitTestResult executionId="b4ae2e5c-1481-484d-9d13-216f4fc4acc7" testId="2ee2e03a-8524-bb6d-a88f-f1d74a1c9a28" testName="SpriteVoxelDepthExtrusionTests.VoxelMeshCache_dispatch_recognizes_inflation_style(style: &quot;lathe&quot;)" computerName="KOOSHAPARI-DESK" duration="00:00:00.0010338" startTime="2026-05-29T02:56:54.4649562-07:00" endTime="2026-05-29T02:56:54.4650630-07:00" testType="13cdc9d9-ddb5-4fa4-a97d-d965ccfc6d4b" outcome="Passed" testListId="8c84fa94-04c1-424b-9868-57a2d4851a1d" relativeResultsDirectory="b4ae2e5c-1481-484d-9d13-216f4fc4acc7" />
    <UnitTestResult executionId="ad7d90a7-dd59-4dc1-9b1e-6086e835066b" testId="1e40c547-5441-b086-15b1-3299c95581df" testName="VehicleShapeHintsTests.VehicleShapeHints_lists_mirror_prefix(prefix: &quot;tank&quot;)" computerName="KOOSHAPARI-DESK" duration="00:00:00.0008865" startTime="2026-05-29T02:56:54.4010887-07:00" endTime="2026-05-29T02:56:54.4012146-07:00" testType="13cdc9d9-ddb5-4fa4-a97d-d965ccfc6d4b" outcome="Passed" testListId="8c84fa94-04c1-424b-9868-57a2d4851a1d" relativeResultsDirectory="ad7d90a7-dd59-4dc1-9b1e-6086e835066b" />
    <UnitTestResult executionId="a3fb67f4-c6ce-4900-b2ad-3f5920a34883" testId="1a8f1623-8cc2-8caa-cb0d-12d26f15ad89" testName="SavedSettingsTests.SavedSettings_field_default_value_matches_spec(fieldName: &quot;DayNightCycle&quot;, expectedDefault: &quot;false&quot;)" computerName="KOOSHAPARI-DESK" duration="00:00:00.0012052" startTime="2026-05-29T02:56:54.3695495-07:00" endTime="2026-05-29T02:56:54.3713297-07:00" testType="13cdc9d9-ddb5-4fa4-a97d-d965ccfc6d4b" outcome="Passed" testListId="8c84fa94-04c1-424b-9868-57a2d4851a1d" relativeResultsDirectory="a3fb67f4-c6ce-4900-b2ad-3f5920a34883" />
    <UnitTestResult executionId="8221534d-44aa-437b-b931-28dd670422bf" testId="d13b7c21-30a8-604f-a6be-bad659a5b2e8" testName="SavedSettingsTests.SavedSettings_lightweight_preset_disables_postfx_bloom_and_aces" computerName="KOOSHAPARI-DESK" duration="00:00:00.0013984" startTime="2026-05-29T02:56:54.6243340-07:00" endTime="2026-05-29T02:56:54.6255095-07:00" testType="13cdc9d9-ddb5-4fa4-a97d-d965ccfc6d4b" outcome="Passed" testListId="8c84fa94-04c1-424b-9868-57a2d4851a1d" relativeResultsDirectory="8221534d-44aa-437b-b931-28dd670422bf" />
    <UnitTestResult executionId="631a996e-b9d5-4f8d-a1a6-9dbab94ce5cf" testId="accdfe45-049c-f0fe-50be-15c84cf3b5bd" testName="SpriteVoxelDepthExtrusionTests.VoxelMeshCache_dispatch_recognizes_inflation_style(style: &quot;extruded&quot;)" computerName="KOOSHAPARI-DESK" duration="00:00:00.0011306" startTime="2026-05-29T02:56:54.4646333-07:00" endTime="2026-05-29T02:56:54.4647482-07:00" testType="13cdc9d9-ddb5-4fa4-a97d-d965ccfc6d4b" outcome="Passed" testListId="8c84fa94-04c1-424b-9868-57a2d4851a1d" relativeResultsDirectory="631a996e-b9d5-4f8d-a1a6-9dbab94ce5cf" />
    <UnitTestResult executionId="6ff32bf9-209b-4a60-b284-e5210e8962e0" testId="fceb5ecb-3990-c5fc-2bb8-4b4e350a5ba6" testName="AssetShapeRegistryTests.RegistryContainsExpectedMapping(prefix: &quot;wall&quot;, hint: &quot;LongX&quot;)" computerName="KOOSHAPARI-DESK" duration="00:00:00.3716855" startTime="2026-05-29T02:56:54.0300416-07:00" endTime="2026-05-29T02:56:54.3536880-07:00" testType="13cdc9d9-ddb5-4fa4-a97d-d965ccfc6d4b" outcome="Passed" testListId="8c84fa94-04c1-424b-9868-57a2d4851a1d" relativeResultsDirectory="6ff32bf9-209b-4a60-b284-e5210e8962e0" />
    <UnitTestResult executionId="979ebe91-5e96-4753-990f-227a40e165bd" testId="86ee856b-a5f9-98b7-312a-e1af3f4bbf02" testName="PublicApiSurfaceTests.Optional_discovery_bindings_fail_soft_when_host_signature_mismatches" computerName="KOOSHAPARI-DESK" duration="00:00:00.0331770" startTime="2026-05-29T02:56:54.3777286-07:00" endTime="2026-05-29T02:56:54.4395573-07:00" testType="13cdc9d9-ddb5-4fa4-a97d-d965ccfc6d4b" outcome="Passed" testListId="8c84fa94-04c1-424b-9868-57a2d4851a1d" relativeResultsDirectory="979ebe91-5e96-4753-990f-227a40e165bd" />
    <UnitTestResult executionId="e805f8ac-6f88-4512-b8c0-b591913099e7" testId="d1ffb1e7-5840-ae89-861d-e87abab67a66" testName="WorldSphereMod.Tests.Unit.Fuzz.BridgeRpcJsonFuzzTests.Bridge_response_anonymous_payloads_serialize_without_throw" computerName="KOOSHAPARI-DESK" duration="00:00:00.2932594" startTime="2026-05-29T02:56:54.3831337-07:00" endTime="2026-05-29T02:56:54.6621367-07:00" testType="13cdc9d9-ddb5-4fa4-a97d-d965ccfc6d4b" outcome="Passed" testListId="8c84fa94-04c1-424b-9868-57a2d4851a1d" relativeResultsDirectory="e805f8ac-6f88-4512-b8c0-b591913099e7" />
    <UnitTestResult executionId="40a71d28-8d72-43a7-a9fa-c1b82f25d96d" testId="1a39e2a6-e498-ccfa-c5dd-eb1c621eebca" testName="SpriteVoxelDepthExtrusionTests.SavedSettings_defaults_VoxelInflationStyle_to_pertexel" computerName="KOOSHAPARI-DESK" duration="00:00:00.0022366" startTime="2026-05-29T02:56:54.3712247-07:00" endTime="2026-05-29T02:56:54.3742035-07:00" testType="13cdc9d9-ddb5-4fa4-a97d-d965ccfc6d4b" outcome="Passed" testListId="8c84fa94-04c1-424b-9868-57a2d4851a1d" relativeResultsDirectory="40a71d28-8d72-43a7-a9fa-c1b82f25d96d" />
    <UnitTestResult executionId="7855d382-0b7b-444c-98f0-374d8095f50e" testId="47c71b91-a358-fc00-654d-eb9d0a600392" testName="DayNightSmoothCurveTests.Segment_boundaries_are_continuous(t: 0.25)" computerName="KOOSHAPARI-DESK" duration="00:00:00.0002538" startTime="2026-05-29T02:56:54.4535831-07:00" endTime="2026-05-29T02:56:54.4537054-07:00" testType="13cdc9d9-ddb5-4fa4-a97d-d965ccfc6d4b" outcome="Passed" testListId="8c84fa94-04c1-424b-9868-57a2d4851a1d" relativeResultsDirectory="7855d382-0b7b-444c-98f0-374d8095f50e" />
    <UnitTestResult executionId="5d583485-f2f1-47d7-b7f5-91784fd3aa62" testId="3867cb50-3e03-298d-c223-428c11e7befe" testName="InstallScriptInvariantsTests.Install_script_targets_net48_but_skips_DLL_copy_to_avoid_NML_double_load" computerName="KOOSHAPARI-DESK" duration="00:00:00.7516364" startTime="2026-05-29T02:56:54.4394243-07:00" endTime="2026-05-29T02:56:55.1511585-07:00" testType="13cdc9d9-ddb5-4fa4-a97d-d965ccfc6d4b" outcome="Failed" testListId="8c84fa94-04c1-424b-9868-57a2d4851a1d" relativeResultsDirectory="5d583485-f2f1-47d7-b7f5-91784fd3aa62">
      <Output>
        <ErrorInfo>
          <Message>Expected staleCleanup.Success to be True because install.ps1 must also remove any stale WSM3D DLL from a prior install — otherwise the regression persists silently., but found False.</Message>
          <StackTrace>   at FluentAssertions.Primitives.BooleanAssertions`1.BeTrue(String because, Object[] becauseArgs)&#xD;
   at InstallScriptInvariantsTests.Install_script_targets_net48_but_skips_DLL_copy_to_avoid_NML_double_load() in C:\Users\koosh\Dev\WorldSphereMod\tests\WorldSphereMod.Tests.Unit\InstallScriptInvariantsTests.cs:line 64&#xD;
   at System.RuntimeMethodHandle.InvokeMethod(Object target, Void** arguments, Signature sig, Boolean isConstructor)&#xD;
   at System.Reflection.MethodBaseInvoker.InvokeWithNoArgs(Object obj, BindingFlags invokeAttr)</StackTrace>
        </ErrorInfo>
      </Output>
    </UnitTestResult>
    <UnitTestResult executionId="41cf4660-7737-4dc3-ae87-94a0d01734de" testId="a607e56b-5df9-3e6c-f0b7-de03945a756c" testName="SpriteVoxelDepthExtrusionTests.VoxelMeshCache_greedy_styles_route_to_Build_with_depth(style: &quot;extruded&quot;)" computerName="KOOSHAPARI-DESK" duration="00:00:00.0017314" startTime="2026-05-29T02:56:54.4506253-07:00" endTime="2026-05-29T02:56:54.4556933-07:00" testType="13cdc9d9-ddb5-4fa4-a97d-d965ccfc6d4b" outcome="Passed" testListId="8c84fa94-04c1-424b-9868-57a2d4851a1d" relativeResultsDirectory="41cf4660-7737-4dc3-ae87-94a0d01734de" />
    <UnitTestResult executionId="79422ff6-0409-4bc0-82dd-b24f17918cee" testId="82141385-a4b3-c030-224e-6aa1c30d4ed8" testName="AssetShapeRegistryTests.RegistryContainsExpectedMapping(prefix: &quot;wolf&quot;, hint: &quot;Flat&quot;)" computerName="KOOSHAPARI-DESK" duration="00:00:00.0008553" startTime="2026-05-29T02:56:54.3645944-07:00" endTime="2026-05-29T02:56:54.3672326-07:00" testType="13cdc9d9-ddb5-4fa4-a97d-d965ccfc6d4b" outcome="Passed" testListId="8c84fa94-04c1-424b-9868-57a2d4851a1d" relativeResultsDirectory="79422ff6-0409-4bc0-82dd-b24f17918cee" />
    <UnitTestResult executionId="9e7b3e5c-1d5c-42e1-98be-739b3e85c919" testId="396a8f0a-0d08-fe26-f63c-0b59518d513a" testName="SavedSettingsTests.SavedSettings_phase9_defaults_match_code" computerName="KOOSHAPARI-DESK" duration="00:00:00.0014188" startTime="2026-05-29T02:56:54.5315593-07:00" endTime="2026-05-29T02:56:54.5322796-07:00" testType="13cdc9d9-ddb5-4fa4-a97d-d965ccfc6d4b" outcome="Passed" testListId="8c84fa94-04c1-424b-9868-57a2d4851a1d" relativeResultsDirectory="9e7b3e5c-1d5c-42e1-98be-739b3e85c919" />
    <UnitTestResult executionId="97965d39-37db-4828-9b6d-d1282a10df05" testId="ba5fe9e5-5f37-1c51-fc0e-f95957e7ec4b" testName="SavedSettingsTests.SavedSettings_defaults_voxel_mesh_smoothing_off_with_zero_iterations" computerName="KOOSHAPARI-DESK" duration="00:00:00.0036646" startTime="2026-05-29T02:56:54.6141008-07:00" endTime="2026-05-29T02:56:54.6174218-07:00" testType="13cdc9d9-ddb5-4fa4-a97d-d965ccfc6d4b" outcome="Passed" testListId="8c84fa94-04c1-424b-9868-57a2d4851a1d" relativeResultsDirectory="97965d39-37db-4828-9b6d-d1282a10df05" />
    <UnitTestResult executionId="dba43bf8-64fd-4f9d-aa07-d53fe5edde4c" testId="470b3ead-6590-22b9-9da7-1ab93eb113b1" testName="SpriteVoxelDepthExtrusionTests.VoxelMeshCache_dispatch_recognizes_inflation_style(style: &quot;pertexel&quot;)" computerName="KOOSHAPARI-DESK" duration="00:00:00.0011320" startTime="2026-05-29T02:56:54.4636756-07:00" endTime="2026-05-29T02:56:54.4637868-07:00" testType="13cdc9d9-ddb5-4fa4-a97d-d965ccfc6d4b" outcome="Passed" testListId="8c84fa94-04c1-424b-9868-57a2d4851a1d" relativeResultsDirectory="dba43bf8-64fd-4f9d-aa07-d53fe5edde4c" />
    <UnitTestResult executionId="5d178c57-2791-4817-bc14-73c9b0594afc" testId="9c6287f9-c08d-33c8-a7b7-9de10d8e7fc4" testName="SpriteVoxelDepthExtrusionTests.VoxelMeshCache_Get_passes_unset_depth_to_build_queue" computerName="KOOSHAPARI-DESK" duration="00:00:00.0301974" startTime="2026-05-29T02:56:54.5158118-07:00" endTime="2026-05-29T02:56:54.5311285-07:00" testType="13cdc9d9-ddb5-4fa4-a97d-d965ccfc6d4b" outcome="Passed" testListId="8c84fa94-04c1-424b-9868-57a2d4851a1d" relativeResultsDirectory="5d178c57-2791-4817-bc14-73c9b0594afc" />
    <UnitTestResult executionId="e174fc3d-ad48-4114-a7a2-482b760ae3fa" testId="b5f97ab4-f36c-5140-fbb3-e3c1e869418a" testName="AssetShapeRegistryTests.RegistryContainsExpectedMapping(prefix: &quot;tower&quot;, hint: &quot;Tall&quot;)" computerName="KOOSHAPARI-DESK" duration="00:00:00.0012008" startTime="2026-05-29T02:56:54.3592957-07:00" endTime="2026-05-29T02:56:54.3595571-07:00" testType="13cdc9d9-ddb5-4fa4-a97d-d965ccfc6d4b" outcome="Passed" testListId="8c84fa94-04c1-424b-9868-57a2d4851a1d" relativeResultsDirectory="e174fc3d-ad48-4114-a7a2-482b760ae3fa" />
    <UnitTestResult executionId="f913e07c-98ac-4f9c-b36a-1df4e401ed23" testId="9acec738-f6cc-4718-4828-23f4cdd15815" testName="Phase6RigRegistryTests.VoxelRender_resolves_rig_type_after_cull_and_lod" computerName="KOOSHAPARI-DESK" duration="00:00:00.0880942" startTime="2026-05-29T02:56:55.1636652-07:00" endTime="2026-05-29T02:56:55.2386419-07:00" testType="13cdc9d9-ddb5-4fa4-a97d-d965ccfc6d4b" outcome="Passed" testListId="8c84fa94-04c1-424b-9868-57a2d4851a1d" relativeResultsDirectory="f913e07c-98ac-4f9c-b36a-1df4e401ed23" />
    <UnitTestResult executionId="9795dc75-e8d3-4ee1-8325-5d07e7d75341" testId="c15e06d1-26f8-9c9e-ea62-0428f7059ecc" testName="LocaleKeyCoverageTests.All_phase_toggle_buttons_in_WorldSphereTab_have_matching_locale_keys" computerName="KOOSHAPARI-DESK" duration="00:00:00.3128630" startTime="2026-05-29T02:56:54.1518441-07:00" endTime="2026-05-29T02:56:54.4410106-07:00" testType="13cdc9d9-ddb5-4fa4-a97d-d965ccfc6d4b" outcome="Passed" testListId="8c84fa94-04c1-424b-9868-57a2d4851a1d" relativeResultsDirectory="9795dc75-e8d3-4ee1-8325-5d07e7d75341" />
    <UnitTestResult executionId="e4ac02f1-edf3-4659-99fc-c83300ebec49" testId="25a1d782-f666-6e15-7f3a-d791b4955425" testName="SavedSettingsTests.SavedSettings_field_default_value_matches_spec(fieldName: &quot;PostFX&quot;, expectedDefault: &quot;false&quot;)" computerName="KOOSHAPARI-DESK" duration="00:00:00.0020399" startTime="2026-05-29T02:56:54.3732003-07:00" endTime="2026-05-29T02:56:54.3753579-07:00" testType="13cdc9d9-ddb5-4fa4-a97d-d965ccfc6d4b" outcome="Passed" testListId="8c84fa94-04c1-424b-9868-57a2d4851a1d" relativeResultsDirectory="e4ac02f1-edf3-4659-99fc-c83300ebec49" />
    <UnitTestResult executionId="8940f011-3ce4-4a3d-a0d4-3868c3eec6fa" testId="1f43d630-9073-b824-973e-29f60a9b9aac" testName="WorldSphereMod.Tests.Unit.Fuzz.BridgeRpcJsonFuzzTests.TryParseSettingValue_bool_accepts_zero_one_and_rejects_garbage_safely" computerName="KOOSHAPARI-DESK" duration="00:00:00.0027352" startTime="2026-05-29T02:56:54.9801138-07:00" endTime="2026-05-29T02:56:54.9824057-07:00" testType="13cdc9d9-ddb5-4fa4-a97d-d965ccfc6d4b" outcome="Passed" testListId="8c84fa94-04c1-424b-9868-57a2d4851a1d" relativeResultsDirectory="8940f011-3ce4-4a3d-a0d4-3868c3eec6fa" />
    <UnitTestResult executionId="c9373fe2-7649-49d4-8706-9840250b978a" testId="88828ec4-9d4a-3941-775f-b082e19c3d5f" testName="PublicApiSurfaceTests.IsWorld3D_throws_when_no_host_v1_surface_is_unguarded" computerName="KOOSHAPARI-DESK" duration="00:00:00.0008837" startTime="2026-05-29T02:56:54.4408834-07:00" endTime="2026-05-29T02:56:54.4432278-07:00" testType="13cdc9d9-ddb5-4fa4-a97d-d965ccfc6d4b" outcome="Passed" testListId="8c84fa94-04c1-424b-9868-57a2d4851a1d" relativeResultsDirectory="c9373fe2-7649-49d4-8706-9840250b978a" />
    <UnitTestResult executionId="30106fc0-5e60-4714-936d-bb1277b444a7" testId="c2a01d8f-9b88-dbc7-9e67-4ac4b2add3b0" testName="SettingsPersistenceTests.RegisterToggleButton_MirrorsEnabledToPlayerConfig" computerName="KOOSHAPARI-DESK" duration="00:00:00.2629523" startTime="2026-05-29T02:56:54.1521670-07:00" endTime="2026-05-29T02:56:54.3556337-07:00" testType="13cdc9d9-ddb5-4fa4-a97d-d965ccfc6d4b" outcome="Passed" testListId="8c84fa94-04c1-424b-9868-57a2d4851a1d" relativeResultsDirectory="30106fc0-5e60-4714-936d-bb1277b444a7" />
    <UnitTestResult executionId="7c881fc2-cbbf-4a15-9111-d1e9e4765d8c" testId="290429cc-8b09-8c5a-b87d-bb58163d5467" testName="TexturePackImporterTests.TryReadPackMeta_reads_pack_mcmeta_from_zip" computerName="KOOSHAPARI-DESK" duration="00:00:00.0253788" startTime="2026-05-29T02:56:54.5777177-07:00" endTime="2026-05-29T02:56:54.6030526-07:00" testType="13cdc9d9-ddb5-4fa4-a97d-d965ccfc6d4b" outcome="Passed" testListId="8c84fa94-04c1-424b-9868-57a2d4851a1d" relativeResultsDirectory="7c881fc2-cbbf-4a15-9111-d1e9e4765d8c" />
    <UnitTestResult executionId="c798d49f-5ca1-4287-80a8-a4f9c69de4d7" testId="aac3f732-fe4a-1c8d-162a-2874850ddec7" testName="DelegateBindingTests.Reflective_ctor_binds_full_v1_surface_against_v1_host" computerName="KOOSHAPARI-DESK" duration="00:00:00.0010000" startTime="2026-05-29T02:56:54.1122345-07:00" endTime="2026-05-29T02:56:54.1123433-07:00" testType="13cdc9d9-ddb5-4fa4-a97d-d965ccfc6d4b" outcome="NotExecuted" testListId="8c84fa94-04c1-424b-9868-57a2d4851a1d" relativeResultsDirectory="c798d49f-5ca1-4287-80a8-a4f9c69de4d7">
      <Output>
        <ErrorInfo>
          <Message>WorldSphereAPI v1/v2 delegate signatures evolved post-wave-19; fixture rewrite pending</Message>
        </ErrorInfo>
      </Output>
    </UnitTestResult>
    <UnitTestResult executionId="ab38141a-4a5a-4ddc-92d3-a83302fb2891" testId="cf146e4a-4707-1cfe-2bf7-758a414bc8f7" testName="Phase6RigRegistryTests.BoneDefinition_enumerates_the_phase_6_rig_types" computerName="KOOSHAPARI-DESK" duration="00:00:00.0680492" startTime="2026-05-29T02:56:54.3859055-07:00" endTime="2026-05-29T02:56:54.4497550-07:00" testType="13cdc9d9-ddb5-4fa4-a97d-d965ccfc6d4b" outcome="Passed" testListId="8c84fa94-04c1-424b-9868-57a2d4851a1d" relativeResultsDirectory="ab38141a-4a5a-4ddc-92d3-a83302fb2891" />
    <UnitTestResult executionId="c21ad807-84de-4e65-ac9b-e7a4ba0d2da1" testId="6db3edad-42cc-b840-be80-76061148085b" testName="DayNightSmoothCurveTests.Segment_boundaries_are_continuous(t: 0.75)" computerName="KOOSHAPARI-DESK" duration="00:00:00.4619483" startTime="2026-05-29T02:56:54.0327075-07:00" endTime="2026-05-29T02:56:54.4513758-07:00" testType="13cdc9d9-ddb5-4fa4-a97d-d965ccfc6d4b" outcome="Passed" testListId="8c84fa94-04c1-424b-9868-57a2d4851a1d" relativeResultsDirectory="c21ad807-84de-4e65-ac9b-e7a4ba0d2da1" />
    <UnitTestResult executionId="07750b4a-1cf8-49dd-839f-eaf8af5dec91" testId="0515f6be-1c3e-5e4a-2cf5-86d620dda50d" testName="AssetShapeRegistryTests.RegistryContainsExpectedMapping(prefix: &quot;boat&quot;, hint: &quot;Mirror&quot;)" computerName="KOOSHAPARI-DESK" duration="00:00:00.0009638" startTime="2026-05-29T02:56:54.3791400-07:00" endTime="2026-05-29T02:56:54.3795060-07:00" testType="13cdc9d9-ddb5-4fa4-a97d-d965ccfc6d4b" outcome="Passed" testListId="8c84fa94-04c1-424b-9868-57a2d4851a1d" relativeResultsDirectory="07750b4a-1cf8-49dd-839f-eaf8af5dec91" />
    <UnitTestResult executionId="c3ded8b2-a4bf-410e-913f-b93f16e2d1d2" testId="d97fd25f-35c0-7b15-b2de-787a5d5da38a" testName="VehicleShapeHintsTests.VehicleShapeHints_delegates_to_AssetShapeRegistry" computerName="KOOSHAPARI-DESK" duration="00:00:00.0010018" startTime="2026-05-29T02:56:54.4018820-07:00" endTime="2026-05-29T02:56:54.4020008-07:00" testType="13cdc9d9-ddb5-4fa4-a97d-d965ccfc6d4b" outcome="Passed" testListId="8c84fa94-04c1-424b-9868-57a2d4851a1d" relativeResultsDirectory="c3ded8b2-a4bf-410e-913f-b93f16e2d1d2" />
    <UnitTestResult executionId="f3a7e7f9-ae60-432d-a3dc-d7412aaf20ce" testId="d4059cd8-d57b-c827-32dd-53c8f0acc2c5" testName="SavedSettingsTests.SavedSettings_phase5_defaults_match_code" computerName="KOOSHAPARI-DESK" duration="00:00:00.0588129" startTime="2026-05-29T02:56:54.6258748-07:00" endTime="2026-05-29T02:56:54.6844516-07:00" testType="13cdc9d9-ddb5-4fa4-a97d-d965ccfc6d4b" outcome="Passed" testListId="8c84fa94-04c1-424b-9868-57a2d4851a1d" relativeResultsDirectory="f3a7e7f9-ae60-432d-a3dc-d7412aaf20ce" />
    <UnitTestResult executionId="e1899b18-7a65-47cb-976e-d40c527cd32b" testId="0deae0d5-6504-8e2f-6933-6985e155c08b" testName="SpriteVoxelDepthExtrusionTests.VoxelMeshCache_dispatch_recognizes_inflation_style(style: &quot;greedy&quot;)" computerName="KOOSHAPARI-DESK" duration="00:00:00.0013097" startTime="2026-05-29T02:56:54.4639933-07:00" endTime="2026-05-29T02:56:54.4643947-07:00" testType="13cdc9d9-ddb5-4fa4-a97d-d965ccfc6d4b" outcome="Passed" testListId="8c84fa94-04c1-424b-9868-57a2d4851a1d" relativeResultsDirectory="e1899b18-7a65-47cb-976e-d40c527cd32b" />
    <UnitTestResult executionId="9c027e1c-bf72-4b82-9b13-d8c95d5df68d" testId="f632fdca-7e95-706c-9105-3b9c27461cba" testName="InstallScriptInvariantsTests.Install_script_preserves_items_list_with_all_six_entries" computerName="KOOSHAPARI-DESK" duration="00:00:00.0046926" startTime="2026-05-29T02:56:55.1637186-07:00" endTime="2026-05-29T02:56:55.1638813-07:00" testType="13cdc9d9-ddb5-4fa4-a97d-d965ccfc6d4b" outcome="Failed" testListId="8c84fa94-04c1-424b-9868-57a2d4851a1d" relativeResultsDirectory="9c027e1c-bf72-4b82-9b13-d8c95d5df68d">
      <Output>
        <ErrorInfo>
          <Message>Expected match.Success to be True because install.ps1 must define $items array with exactly 6 entries: Code, Assemblies, AssetBundles, GameResources, Locales, mod.json, but found False.</Message>
          <StackTrace>   at FluentAssertions.Primitives.BooleanAssertions`1.BeTrue(String because, Object[] becauseArgs)&#xD;
   at InstallScriptInvariantsTests.Install_script_preserves_items_list_with_all_six_entries() in C:\Users\koosh\Dev\WorldSphereMod\tests\WorldSphereMod.Tests.Unit\InstallScriptInvariantsTests.cs:line 76&#xD;
   at System.RuntimeMethodHandle.InvokeMethod(Object target, Void** arguments, Signature sig, Boolean isConstructor)&#xD;
   at System.Reflection.MethodBaseInvoker.InvokeWithNoArgs(Object obj, BindingFlags invokeAttr)</StackTrace>
        </ErrorInfo>
      </Output>
    </UnitTestResult>
    <UnitTestResult executionId="d7501077-48dd-4614-b27b-0a5ebd744d33" testId="08bd1c45-8ed1-88f1-1eba-509415867631" testName="LocaleKeyCoverageTests.EnJson_parses_successfully" computerName="KOOSHAPARI-DESK" duration="00:00:00.0411665" startTime="2026-05-29T02:56:54.4434713-07:00" endTime="2026-05-29T02:56:54.4548661-07:00" testType="13cdc9d9-ddb5-4fa4-a97d-d965ccfc6d4b" outcome="Passed" testListId="8c84fa94-04c1-424b-9868-57a2d4851a1d" relativeResultsDirectory="d7501077-48dd-4614-b27b-0a5ebd744d33" />
    <UnitTestResult executionId="9ac05eaf-6b06-4794-93ab-f7cdfff36744" testId="99962e2e-6ec5-74df-f78a-1ac4c7ab9e3e" testName="SavedSettingsTests.SavedSettings_field_default_value_matches_spec(fieldName: &quot;CrossedQuadFoliage&quot;, expectedDefault: &quot;false&quot;)" computerName="KOOSHAPARI-DESK" duration="00:00:00.0015179" startTime="2026-05-29T02:56:54.3821218-07:00" endTime="2026-05-29T02:56:54.3830575-07:00" testType="13cdc9d9-ddb5-4fa4-a97d-d965ccfc6d4b" outcome="Passed" testListId="8c84fa94-04c1-424b-9868-57a2d4851a1d" relativeResultsDirectory="9ac05eaf-6b06-4794-93ab-f7cdfff36744" />
    <UnitTestResult executionId="48d974ff-ee16-4dea-a320-64e96125d2a9" testId="a9b5dbb3-9958-524c-2846-b0b8b3f05bb3" testName="TexturePackImporterTests.ScanCandidates_finds_zip_and_directory_entries" computerName="KOOSHAPARI-DESK" duration="00:00:00.1596242" startTime="2026-05-29T02:56:54.6034459-07:00" endTime="2026-05-29T02:56:54.7626627-07:00" testType="13cdc9d9-ddb5-4fa4-a97d-d965ccfc6d4b" outcome="Passed" testListId="8c84fa94-04c1-424b-9868-57a2d4851a1d" relativeResultsDirectory="48d974ff-ee16-4dea-a320-64e96125d2a9" />
    <UnitTestResult executionId="f7c54a2a-1673-4f9d-9e4a-e55aaa09f8d9" testId="9dbbddf9-d759-3d9d-6f36-d8db2b7d580d" testName="WorldSphereMod.Tests.Unit.Fuzz.BridgeRpcJsonFuzzTests.Settings_get_roundtrip_json_survives_unknown_fields_and_reparse" computerName="KOOSHAPARI-DESK" duration="00:00:01.0253391" startTime="2026-05-29T02:56:54.9850160-07:00" endTime="2026-05-29T02:56:56.0080208-07:00" testType="13cdc9d9-ddb5-4fa4-a97d-d965ccfc6d4b" outcome="Passed" testListId="8c84fa94-04c1-424b-9868-57a2d4851a1d" relativeResultsDirectory="f7c54a2a-1673-4f9d-9e4a-e55aaa09f8d9" />
    <UnitTestResult executionId="da536aee-60ad-4e8e-af70-526b981cca28" testId="2c1f96b8-9aef-d036-126c-2fe3dda778cd" testName="AssetShapeRegistryTests.RegistryContainsExpectedMapping(prefix: &quot;tree&quot;, hint: &quot;Cylinder&quot;)" computerName="KOOSHAPARI-DESK" duration="00:00:00.0007461" startTime="2026-05-29T02:56:54.3609664-07:00" endTime="2026-05-29T02:56:54.3615621-07:00" testType="13cdc9d9-ddb5-4fa4-a97d-d965ccfc6d4b" outcome="Passed" testListId="8c84fa94-04c1-424b-9868-57a2d4851a1d" relativeResultsDirectory="da536aee-60ad-4e8e-af70-526b981cca28" />
    <UnitTestResult executionId="51ff6ce0-ad06-42ad-a7ac-11b4e35619ec" testId="d428b9fb-3d00-f624-059d-b7b22c819086" testName="TexturePackImporterTests.TryReadPackMeta_accepts_folder_pack_and_rejects_missing_meta" computerName="KOOSHAPARI-DESK" duration="00:00:00.0250814" startTime="2026-05-29T02:56:54.5463798-07:00" endTime="2026-05-29T02:56:54.5705660-07:00" testType="13cdc9d9-ddb5-4fa4-a97d-d965ccfc6d4b" outcome="Passed" testListId="8c84fa94-04c1-424b-9868-57a2d4851a1d" relativeResultsDirectory="51ff6ce0-ad06-42ad-a7ac-11b4e35619ec" />
    <UnitTestResult executionId="bd354d4a-e15d-4dc1-96bd-81a32b030dcf" testId="730e11bd-d685-dbe6-d410-d5d503f6e97e" testName="DayNightSmoothCurveTests.Segment_boundaries_are_continuous(t: 0.5)" computerName="KOOSHAPARI-DESK" duration="00:00:00.0000212" startTime="2026-05-29T02:56:54.4539095-07:00" endTime="2026-05-29T02:56:54.4540076-07:00" testType="13cdc9d9-ddb5-4fa4-a97d-d965ccfc6d4b" outcome="Passed" testListId="8c84fa94-04c1-424b-9868-57a2d4851a1d" relativeResultsDirectory="bd354d4a-e15d-4dc1-96bd-81a32b030dcf" />
    <UnitTestResult executionId="6e1628a9-2770-4870-9a9f-aa5557f4f66c" testId="2dc60c49-3ad1-a125-a3ad-10adcb4720d0" testName="DelegateBindingTests.Reflective_ctor_throws_when_host_has_only_IsWorld3D" computerName="KOOSHAPARI-DESK" duration="00:00:00.0013726" startTime="2026-05-29T02:56:54.3751408-07:00" endTime="2026-05-29T02:56:54.3778592-07:00" testType="13cdc9d9-ddb5-4fa4-a97d-d965ccfc6d4b" outcome="Passed" testListId="8c84fa94-04c1-424b-9868-57a2d4851a1d" relativeResultsDirectory="6e1628a9-2770-4870-9a9f-aa5557f4f66c" />
    <UnitTestResult executionId="4cba1455-7f2d-4863-b3ce-fa0cde5b1559" testId="01311ff4-7b57-0426-c4f2-0b20dcfa45b7" testName="SpriteVoxelDepthExtrusionTests.Bridge_invalidates_voxel_cache_when_VoxelSpriteDepth_changes" computerName="KOOSHAPARI-DESK" duration="00:00:00.1260669" startTime="2026-05-29T02:56:54.5319439-07:00" endTime="2026-05-29T02:56:54.6571636-07:00" testType="13cdc9d9-ddb5-4fa4-a97d-d965ccfc6d4b" outcome="Passed" testListId="8c84fa94-04c1-424b-9868-57a2d4851a1d" relativeResultsDirectory="4cba1455-7f2d-4863-b3ce-fa0cde5b1559" />
    <UnitTestResult executionId="7320eb15-b7a1-437c-b1b5-3fc7766955fe" testId="3c8e9637-d3c1-9588-d5fd-3f29997f4aa0" testName="SavedSettingsTests.SavedSettings_phase3_defaults_match_code" computerName="KOOSHAPARI-DESK" duration="00:00:00.0020161" startTime="2026-05-29T02:56:54.4512603-07:00" endTime="2026-05-29T02:56:54.4577848-07:00" testType="13cdc9d9-ddb5-4fa4-a97d-d965ccfc6d4b" outcome="Passed" testListId="8c84fa94-04c1-424b-9868-57a2d4851a1d" relativeResultsDirectory="7320eb15-b7a1-437c-b1b5-3fc7766955fe" />
    <UnitTestResult executionId="0caf3584-bc36-4b91-9e2a-8ef732dd538b" testId="acabc882-470d-0e69-9cf5-857ece87fbbf" testName="PublicApiSurfaceTests.IsModel3D_returns_false_when_no_host" computerName="KOOSHAPARI-DESK" duration="00:00:00.0001429" startTime="2026-05-29T02:56:54.4404194-07:00" endTime="2026-05-29T02:56:54.4405465-07:00" testType="13cdc9d9-ddb5-4fa4-a97d-d965ccfc6d4b" outcome="Passed" testListId="8c84fa94-04c1-424b-9868-57a2d4851a1d" relativeResultsDirectory="0caf3584-bc36-4b91-9e2a-8ef732dd538b" />
    <UnitTestResult executionId="923a84a3-69d7-46cd-a347-8f7c4fe48d3e" testId="4a5241f8-dab0-05a4-8c88-06b98acf2664" testName="VehicleShapeHintsTests.VehicleShapeHints_IsVehicleAssetId_matches_substring_patterns" computerName="KOOSHAPARI-DESK" duration="00:00:00.3930746" startTime="2026-05-29T02:56:54.0328355-07:00" endTime="2026-05-29T02:56:54.3861243-07:00" testType="13cdc9d9-ddb5-4fa4-a97d-d965ccfc6d4b" outcome="Passed" testListId="8c84fa94-04c1-424b-9868-57a2d4851a1d" relativeResultsDirectory="923a84a3-69d7-46cd-a347-8f7c4fe48d3e" />
    <UnitTestResult executionId="9d68d0a5-0007-4807-b09b-ea45cf05efd6" testId="3856cac3-0a6d-e8ed-c7e8-786bcce7a0c3" testName="VehicleShapeHintsTests.AssetShapeRegistry_maps_vehicle_prefixes_to_mirror(prefix: &quot;car&quot;, hint: &quot;Mirror&quot;)" computerName="KOOSHAPARI-DESK" duration="00:00:00.0013556" startTime="2026-05-29T02:56:54.3926014-07:00" endTime="2026-05-29T02:56:54.3950503-07:00" testType="13cdc9d9-ddb5-4fa4-a97d-d965ccfc6d4b" outcome="Passed" testListId="8c84fa94-04c1-424b-9868-57a2d4851a1d" relativeResultsDirectory="9d68d0a5-0007-4807-b09b-ea45cf05efd6" />
    <UnitTestResult executionId="8c95246b-2dc1-437b-9253-181df9ed70e1" testId="bb42056b-daec-fe23-09b9-7e2abe97245c" testName="SavedSettingsTests.SavedSettings_phase4_defaults_match_code" computerName="KOOSHAPARI-DESK" duration="00:00:00.0011919" startTime="2026-05-29T02:56:54.5309929-07:00" endTime="2026-05-29T02:56:54.5312112-07:00" testType="13cdc9d9-ddb5-4fa4-a97d-d965ccfc6d4b" outcome="Passed" testListId="8c84fa94-04c1-424b-9868-57a2d4851a1d" relativeResultsDirectory="8c95246b-2dc1-437b-9253-181df9ed70e1" />
    <UnitTestResult executionId="e7074e77-fb28-4b47-8282-dbb2eea55ca9" testId="14132f95-1c75-3285-0547-1c940e0c470c" testName="AnatomicalTemplateScaffoldTests.AnatomicalTemplateRegistry_maps_projection_modes_per_rig_family" computerName="KOOSHAPARI-DESK" duration="00:00:00.0549104" startTime="2026-05-29T02:56:54.4494522-07:00" endTime="2026-05-29T02:56:54.4657946-07:00" testType="13cdc9d9-ddb5-4fa4-a97d-d965ccfc6d4b" outcome="Passed" testListId="8c84fa94-04c1-424b-9868-57a2d4851a1d" relativeResultsDirectory="e7074e77-fb28-4b47-8282-dbb2eea55ca9" />
    <UnitTestResult executionId="b877bc64-78a6-4c47-9360-50b43acf9873" testId="fd46f7b6-45ec-53ef-ab61-3f7d0072219c" testName="AnatomicalTemplateScaffoldTests.AnatomicalTemplatePipeline_defers_to_extrusion_until_templates_exist" computerName="KOOSHAPARI-DESK" duration="00:00:00.0541221" startTime="2026-05-29T02:56:54.5168577-07:00" endTime="2026-05-29T02:56:54.5712651-07:00" testType="13cdc9d9-ddb5-4fa4-a97d-d965ccfc6d4b" outcome="Passed" testListId="8c84fa94-04c1-424b-9868-57a2d4851a1d" relativeResultsDirectory="b877bc64-78a6-4c47-9360-50b43acf9873" />
    <UnitTestResult executionId="5b6205d2-c45b-41a4-b8ac-0a1df79e2e37" testId="07fc204a-d573-9470-8a9e-fe038ce318a8" testName="AssetShapeRegistryTests.RegistryContainsExpectedMapping(prefix: &quot;lighthouse&quot;, hint: &quot;Tall&quot;)" computerName="KOOSHAPARI-DESK" duration="00:00:00.0041462" startTime="2026-05-29T02:56:54.3677191-07:00" endTime="2026-05-29T02:56:54.3738149-07:00" testType="13cdc9d9-ddb5-4fa4-a97d-d965ccfc6d4b" outcome="Passed" testListId="8c84fa94-04c1-424b-9868-57a2d4851a1d" relativeResultsDirectory="5b6205d2-c45b-41a4-b8ac-0a1df79e2e37" />
    <UnitTestResult executionId="c7fbcc09-9f49-47c9-bdcb-b8fa656f0ec3" testId="af1a3f52-7112-c5de-414a-3f24f13cb2f3" testName="McPackLoaderManifestTests.IsImporterStubManifest_recognizes_texturepack_importer_stub_json" computerName="KOOSHAPARI-DESK" duration="00:00:00.3934816" startTime="2026-05-29T02:56:54.0329969-07:00" endTime="2026-05-29T02:56:54.3869296-07:00" testType="13cdc9d9-ddb5-4fa4-a97d-d965ccfc6d4b" outcome="Passed" testListId="8c84fa94-04c1-424b-9868-57a2d4851a1d" relativeResultsDirectory="c7fbcc09-9f49-47c9-bdcb-b8fa656f0ec3" />
    <UnitTestResult executionId="ecb4c5fd-0923-47f1-b09c-aa69ba44dec4" testId="a68502ea-e142-feb4-5c25-70be4dda1e03" testName="HumanoidRigBindPoseTests.BindPoseOffset_Scaled_OnlyInsideHierarchy" computerName="KOOSHAPARI-DESK" duration="00:00:00.0009738" startTime="2026-05-29T02:56:54.3601548-07:00" endTime="2026-05-29T02:56:54.3610906-07:00" testType="13cdc9d9-ddb5-4fa4-a97d-d965ccfc6d4b" outcome="Passed" testListId="8c84fa94-04c1-424b-9868-57a2d4851a1d" relativeResultsDirectory="ecb4c5fd-0923-47f1-b09c-aa69ba44dec4" />
    <UnitTestResult executionId="bb9c26ea-f97d-4613-a707-dd57119d27c4" testId="051345a8-f480-7bff-a4c3-dda7e8828bf1" testName="TexturePackImporterTests.TryImportAtLoad_enumerates_blocks_writes_manifest_stub_and_logs" computerName="KOOSHAPARI-DESK" duration="00:00:00.3392636" startTime="2026-05-29T02:56:54.7630652-07:00" endTime="2026-05-29T02:56:55.1021918-07:00" testType="13cdc9d9-ddb5-4fa4-a97d-d965ccfc6d4b" outcome="Passed" testListId="8c84fa94-04c1-424b-9868-57a2d4851a1d" relativeResultsDirectory="bb9c26ea-f97d-4613-a707-dd57119d27c4" />
    <UnitTestResult executionId="916cbf86-2798-4e7e-8c0f-43a61a2a510b" testId="e6d3b37e-0cdc-0c16-f0e8-c330b09d0888" testName="PublicApiSurfaceTests.GetSetting_throws_when_no_host_v1_surface_is_unguarded" computerName="KOOSHAPARI-DESK" duration="00:00:00.0305201" startTime="2026-05-29T02:56:54.4495877-07:00" endTime="2026-05-29T02:56:54.4500635-07:00" testType="13cdc9d9-ddb5-4fa4-a97d-d965ccfc6d4b" outcome="Passed" testListId="8c84fa94-04c1-424b-9868-57a2d4851a1d" relativeResultsDirectory="916cbf86-2798-4e7e-8c0f-43a61a2a510b" />
    <UnitTestResult executionId="25265904-41e4-4a2d-b308-e059d77262c3" testId="35b87a05-9dc0-a9ac-2d74-d5008fb10800" testName="McPackLoaderManifestTests.IsImporterStubManifest_treats_empty_atlas_without_status_as_stub" computerName="KOOSHAPARI-DESK" duration="00:00:00.0022201" startTime="2026-05-29T02:56:54.6669692-07:00" endTime="2026-05-29T02:56:54.6676413-07:00" testType="13cdc9d9-ddb5-4fa4-a97d-d965ccfc6d4b" outcome="Passed" testListId="8c84fa94-04c1-424b-9868-57a2d4851a1d" relativeResultsDirectory="25265904-41e4-4a2d-b308-e059d77262c3" />
    <UnitTestResult executionId="473125d8-db6b-4016-a6e9-d640286937c7" testId="be56c413-2ece-c00c-2e4a-495e67dc234c" testName="AssetShapeRegistryTests.RegistryExposesPublicEnum" computerName="KOOSHAPARI-DESK" duration="00:00:00.0011781" startTime="2026-05-29T02:56:54.3824923-07:00" endTime="2026-05-29T02:56:54.3826794-07:00" testType="13cdc9d9-ddb5-4fa4-a97d-d965ccfc6d4b" outcome="Passed" testListId="8c84fa94-04c1-424b-9868-57a2d4851a1d" relativeResultsDirectory="473125d8-db6b-4016-a6e9-d640286937c7" />
    <UnitTestResult executionId="335b3db7-bae2-41a1-92d4-6901b210945f" testId="9887e6aa-ef5c-1f52-44ca-c6e2aac038ad" testName="WorldSphereMod.Tests.Unit.Fuzz.SavedSettingsJsonFuzzTests.TryDeserialize_unknown_fields_do_not_crash" computerName="KOOSHAPARI-DESK" duration="00:00:00.8309246" startTime="2026-05-29T02:56:55.0159712-07:00" endTime="2026-05-29T02:56:55.8476123-07:00" testType="13cdc9d9-ddb5-4fa4-a97d-d965ccfc6d4b" outcome="Passed" testListId="8c84fa94-04c1-424b-9868-57a2d4851a1d" relativeResultsDirectory="335b3db7-bae2-41a1-92d4-6901b210945f" />
    <UnitTestResult executionId="07a714a5-28e4-4545-9852-9b7b115c2049" testId="0f22aa1b-637e-fb41-1810-3d4e9b22f023" testName="SpriteVoxelDepthExtrusionTests.SpriteVoxelizer_non_lathe_builders_resolve_unset_depth(method: &quot;BuildOrganicBlob&quot;)" computerName="KOOSHAPARI-DESK" duration="00:00:00.0016776" startTime="2026-05-29T02:56:54.4989824-07:00" endTime="2026-05-29T02:56:54.5004476-07:00" testType="13cdc9d9-ddb5-4fa4-a97d-d965ccfc6d4b" outcome="Passed" testListId="8c84fa94-04c1-424b-9868-57a2d4851a1d" relativeResultsDirectory="07a714a5-28e4-4545-9852-9b7b115c2049" />
    <UnitTestResult executionId="212905d7-7d40-4bea-89f2-3738b3517569" testId="0869c8c3-09af-91ff-3a58-f2e6c8749bc4" testName="VehicleShapeHintsTests.AssetShapeRegistry_maps_vehicle_prefixes_to_mirror(prefix: &quot;boat&quot;, hint: &quot;Mirror&quot;)" computerName="KOOSHAPARI-DESK" duration="00:00:00.0009788" startTime="2026-05-29T02:56:54.3953041-07:00" endTime="2026-05-29T02:56:54.3960762-07:00" testType="13cdc9d9-ddb5-4fa4-a97d-d965ccfc6d4b" outcome="Passed" testListId="8c84fa94-04c1-424b-9868-57a2d4851a1d" relativeResultsDirectory="212905d7-7d40-4bea-89f2-3738b3517569" />
    <UnitTestResult executionId="fd08ab94-cb32-4d76-a5d5-52a886a99bbb" testId="26f21fc7-14b8-bbb6-2826-2c5a0a97d98b" testName="PublicApiSurfaceTests.Discovery_methods_are_present_on_public_surface" computerName="KOOSHAPARI-DESK" duration="00:00:00.0005924" startTime="2026-05-29T02:56:54.4399333-07:00" endTime="2026-05-29T02:56:54.4400559-07:00" testType="13cdc9d9-ddb5-4fa4-a97d-d965ccfc6d4b" outcome="Passed" testListId="8c84fa94-04c1-424b-9868-57a2d4851a1d" relativeResultsDirectory="fd08ab94-cb32-4d76-a5d5-52a886a99bbb" />
    <UnitTestResult executionId="622cb48c-4f63-4787-a0d5-9a199de86912" testId="bad4449f-0abe-a834-db89-235c9cac38cb" testName="TexturePackImporterTests.BuildManifestStubJson_lists_known_mappings_and_block_inventory" computerName="KOOSHAPARI-DESK" duration="00:00:00.0066004" startTime="2026-05-29T02:56:54.5711034-07:00" endTime="2026-05-29T02:56:54.5773538-07:00" testType="13cdc9d9-ddb5-4fa4-a97d-d965ccfc6d4b" outcome="Passed" testListId="8c84fa94-04c1-424b-9868-57a2d4851a1d" relativeResultsDirectory="622cb48c-4f63-4787-a0d5-9a199de86912" />
    <UnitTestResult executionId="255d9987-0483-4307-a0c9-489de56b4325" testId="56bb021a-83da-bd5a-76ae-358a1f603977" testName="Phase6RigRegistryTests.Constants_resolve_actor_rig_uses_registry_then_prefix_then_humanoid_default" computerName="KOOSHAPARI-DESK" duration="00:00:00.0274912" startTime="2026-05-29T02:56:54.4502240-07:00" endTime="2026-05-29T02:56:54.4729393-07:00" testType="13cdc9d9-ddb5-4fa4-a97d-d965ccfc6d4b" outcome="Passed" testListId="8c84fa94-04c1-424b-9868-57a2d4851a1d" relativeResultsDirectory="255d9987-0483-4307-a0c9-489de56b4325" />
    <UnitTestResult executionId="e4d59add-f25e-484e-8347-668b67a650d6" testId="6eba5f20-dcba-753c-1861-fa21a3ca0cd0" testName="SpriteVoxelDepthExtrusionTests.SpriteVoxelizer_non_lathe_builders_resolve_unset_depth(method: &quot;BuildPerTexel&quot;)" computerName="KOOSHAPARI-DESK" duration="00:00:00.0438419" startTime="2026-05-29T02:56:54.4656864-07:00" endTime="2026-05-29T02:56:54.4986935-07:00" testType="13cdc9d9-ddb5-4fa4-a97d-d965ccfc6d4b" outcome="Passed" testListId="8c84fa94-04c1-424b-9868-57a2d4851a1d" relativeResultsDirectory="e4d59add-f25e-484e-8347-668b67a650d6" />
    <UnitTestResult executionId="5e12594e-ec19-4575-a6c0-964a647d8637" testId="bfbc702d-2ac2-f61a-7bbc-ba538494244a" testName="AnatomicalTemplateScaffoldTests.AnatomicalTemplateValidation_enforces_minimum_voxel_count_and_connectivity" computerName="KOOSHAPARI-DESK" duration="00:00:00.0536406" startTime="2026-05-29T02:56:54.4727499-07:00" endTime="2026-05-29T02:56:54.5163949-07:00" testType="13cdc9d9-ddb5-4fa4-a97d-d965ccfc6d4b" outcome="Passed" testListId="8c84fa94-04c1-424b-9868-57a2d4851a1d" relativeResultsDirectory="5e12594e-ec19-4575-a6c0-964a647d8637" />
    <UnitTestResult executionId="5aed650a-5237-4251-9e0a-80644e731c68" testId="6a11db5b-fa0f-f400-faf9-fbaf64b8f397" testName="AnatomicalTemplateScaffoldTests.AnatomicalTemplateTypes_exposes_region_and_occupancy_labels" computerName="KOOSHAPARI-DESK" duration="00:00:00.0344626" startTime="2026-05-29T02:56:54.3949121-07:00" endTime="2026-05-29T02:56:54.4470899-07:00" testType="13cdc9d9-ddb5-4fa4-a97d-d965ccfc6d4b" outcome="Passed" testListId="8c84fa94-04c1-424b-9868-57a2d4851a1d" relativeResultsDirectory="5aed650a-5237-4251-9e0a-80644e731c68" />
    <UnitTestResult executionId="acf0b6ca-c845-420d-81fb-d046b4644395" testId="48df788f-b446-7831-6cb5-37548c2dbb8d" testName="SettingsPersistenceTests.RegisterToggleButton_MirrorsToSavedSettingsViaReflection" computerName="KOOSHAPARI-DESK" duration="00:00:00.0013676" startTime="2026-05-29T02:56:54.3593397-07:00" endTime="2026-05-29T02:56:54.3602525-07:00" testType="13cdc9d9-ddb5-4fa4-a97d-d965ccfc6d4b" outcome="Passed" testListId="8c84fa94-04c1-424b-9868-57a2d4851a1d" relativeResultsDirectory="acf0b6ca-c845-420d-81fb-d046b4644395" />
    <UnitTestResult executionId="831961fd-1a64-4882-8fd2-57311e8caa88" testId="88767c2d-c55c-d6ea-d03d-2efa98ac6bcc" testName="PublicApiSurfaceTests.MakeBuildingNonUpright_throws_when_no_host_v1_surface_is_unguarded" computerName="KOOSHAPARI-DESK" duration="00:00:00.0008624" startTime="2026-05-29T02:56:54.4441874-07:00" endTime="2026-05-29T02:56:54.4443098-07:00" testType="13cdc9d9-ddb5-4fa4-a97d-d965ccfc6d4b" outcome="Passed" testListId="8c84fa94-04c1-424b-9868-57a2d4851a1d" relativeResultsDirectory="831961fd-1a64-4882-8fd2-57311e8caa88" />
    <UnitTestResult executionId="f4964ec7-957e-4c63-a90f-69de87725211" testId="d2f025d2-dadf-2eec-4cf8-163c892e492b" testName="TexturePackImporterTests.TexturePackRegistry_maps_spec_example_blocks" computerName="KOOSHAPARI-DESK" duration="00:00:00.0020419" startTime="2026-05-29T02:56:55.1233332-07:00" endTime="2026-05-29T02:56:55.1250671-07:00" testType="13cdc9d9-ddb5-4fa4-a97d-d965ccfc6d4b" outcome="Passed" testListId="8c84fa94-04c1-424b-9868-57a2d4851a1d" relativeResultsDirectory="f4964ec7-957e-4c63-a90f-69de87725211" />
    <UnitTestResult executionId="72194cc7-4697-4dcb-883d-f4785088394a" testId="3cc47854-f0eb-8ef7-0d37-8214beb63747" testName="DayNightSmoothCurveTests.Segment_boundaries_are_continuous(t: 0)" computerName="KOOSHAPARI-DESK" duration="00:00:00.0000112" startTime="2026-05-29T02:56:54.4541759-07:00" endTime="2026-05-29T02:56:54.4542691-07:00" testType="13cdc9d9-ddb5-4fa4-a97d-d965ccfc6d4b" outcome="Passed" testListId="8c84fa94-04c1-424b-9868-57a2d4851a1d" relativeResultsDirectory="72194cc7-4697-4dcb-883d-f4785088394a" />
    <UnitTestResult executionId="6d070160-e1cd-4e67-9d63-aca4382b780a" testId="a1c22a55-978f-08cf-9d85-ed5cdb44c51d" testName="SpriteVoxelDepthExtrusionTests.SavedSettings_defaults_VoxelSpriteDepth_to_eight" computerName="KOOSHAPARI-DESK" duration="00:00:00.0178083" startTime="2026-05-29T02:56:54.6675177-07:00" endTime="2026-05-29T02:56:54.6827926-07:00" testType="13cdc9d9-ddb5-4fa4-a97d-d965ccfc6d4b" outcome="Passed" testListId="8c84fa94-04c1-424b-9868-57a2d4851a1d" relativeResultsDirectory="6d070160-e1cd-4e67-9d63-aca4382b780a" />
    <UnitTestResult executionId="9484568c-739b-434c-bae7-ffc5f3cc18bd" testId="6bc66152-c340-0944-6afb-a0ebdabbaa96" testName="InstallScriptInvariantsTests.Install_script_contains_copy_item_for_mod_contents" computerName="KOOSHAPARI-DESK" duration="00:00:00.0013827" startTime="2026-05-29T02:56:54.4384857-07:00" endTime="2026-05-29T02:56:54.4386076-07:00" testType="13cdc9d9-ddb5-4fa4-a97d-d965ccfc6d4b" outcome="Passed" testListId="8c84fa94-04c1-424b-9868-57a2d4851a1d" relativeResultsDirectory="9484568c-739b-434c-bae7-ffc5f3cc18bd" />
    <UnitTestResult executionId="b4484f21-b1d3-4c7d-9a3e-3856a37be931" testId="00ec2634-7316-0471-7658-ef78df32974c" testName="SavedSettingsTests.SavedSettings_declares_BuildingStyleProcgen_field_with_initial_value_false" computerName="KOOSHAPARI-DESK" duration="00:00:00.0011106" startTime="2026-05-29T02:56:54.4580594-07:00" endTime="2026-05-29T02:56:54.4597744-07:00" testType="13cdc9d9-ddb5-4fa4-a97d-d965ccfc6d4b" outcome="Passed" testListId="8c84fa94-04c1-424b-9868-57a2d4851a1d" relativeResultsDirectory="b4484f21-b1d3-4c7d-9a3e-3856a37be931" />
    <UnitTestResult executionId="0c4b0911-3442-42d0-b7f6-9c24c9b76813" testId="1bc3271c-a6f0-9f1b-b463-1792560c05df" testName="DayNightSmoothCurveTests.Segment_boundaries_are_continuous(t: 1)" computerName="KOOSHAPARI-DESK" duration="00:00:00.0000093" startTime="2026-05-29T02:56:54.4544321-07:00" endTime="2026-05-29T02:56:54.4545234-07:00" testType="13cdc9d9-ddb5-4fa4-a97d-d965ccfc6d4b" outcome="Passed" testListId="8c84fa94-04c1-424b-9868-57a2d4851a1d" relativeResultsDirectory="0c4b0911-3442-42d0-b7f6-9c24c9b76813" />
    <UnitTestResult executionId="49219bf0-fa09-4394-810f-ab7db64cecc4" testId="45c65b2a-835c-b8b9-49e1-4a532eea7bc7" testName="WorldSphereMod.Tests.Unit.Fuzz.SavedSettingsJsonFuzzTests.TryDeserialize_truncated_json_returns_false_without_throw" computerName="KOOSHAPARI-DESK" duration="00:00:00.0307197" startTime="2026-05-29T02:56:56.1102006-07:00" endTime="2026-05-29T02:56:56.1412956-07:00" testType="13cdc9d9-ddb5-4fa4-a97d-d965ccfc6d4b" outcome="Passed" testListId="8c84fa94-04c1-424b-9868-57a2d4851a1d" relativeResultsDirectory="49219bf0-fa09-4394-810f-ab7db64cecc4" />
    <UnitTestResult executionId="13a4eff8-7d09-47ba-9a2d-e0b00dde1679" testId="14d51239-3f9c-d775-659e-0a733a7509b0" testName="VehicleShapeHintsTests.AssetShapeRegistry_maps_vehicle_prefixes_to_mirror(prefix: &quot;vehicle&quot;, hint: &quot;Mirror&quot;)" computerName="KOOSHAPARI-DESK" duration="00:00:00.0009609" startTime="2026-05-29T02:56:54.3964675-07:00" endTime="2026-05-29T02:56:54.3965962-07:00" testType="13cdc9d9-ddb5-4fa4-a97d-d965ccfc6d4b" outcome="Passed" testListId="8c84fa94-04c1-424b-9868-57a2d4851a1d" relativeResultsDirectory="13a4eff8-7d09-47ba-9a2d-e0b00dde1679" />
    <UnitTestResult executionId="fdfeb904-425f-4df4-8fbd-a42bebe965c3" testId="9b98ee91-cfe4-7dbb-c3d3-e1573eb1fc8c" testName="SpriteVoxelDepthExtrusionTests.SpriteVoxelizer_ResolveDepth_honors_explicit_positive_and_settings_fallback" computerName="KOOSHAPARI-DESK" duration="00:00:00.0017979" startTime="2026-05-29T02:56:54.6832256-07:00" endTime="2026-05-29T02:56:54.6845539-07:00" testType="13cdc9d9-ddb5-4fa4-a97d-d965ccfc6d4b" outcome="Passed" testListId="8c84fa94-04c1-424b-9868-57a2d4851a1d" relativeResultsDirectory="fdfeb904-425f-4df4-8fbd-a42bebe965c3" />
    <UnitTestResult executionId="0e65c58f-5e90-4c70-a25c-e58941bfd6b2" testId="87e75b00-eb34-766e-df8d-6ce533d61b40" testName="SavedSettingsTests.SavedSettings_field_default_value_matches_spec(fieldName: &quot;HighShadows&quot;, expectedDefault: &quot;false&quot;)" computerName="KOOSHAPARI-DESK" duration="00:00:00.0010376" startTime="2026-05-29T02:56:54.3671346-07:00" endTime="2026-05-29T02:56:54.3690459-07:00" testType="13cdc9d9-ddb5-4fa4-a97d-d965ccfc6d4b" outcome="Passed" testListId="8c84fa94-04c1-424b-9868-57a2d4851a1d" relativeResultsDirectory="0e65c58f-5e90-4c70-a25c-e58941bfd6b2" />
    <UnitTestResult executionId="b5fb01ac-28a6-41fc-9191-018d28cd3a3c" testId="72dccc3c-5532-79f3-0a95-ff54d1bd0ad9" testName="SpriteVoxelDepthExtrusionTests.SpriteVoxelizer_non_lathe_builders_resolve_unset_depth(method: &quot;BuildBalloon&quot;)" computerName="KOOSHAPARI-DESK" duration="00:00:00.0029064" startTime="2026-05-29T02:56:54.4653630-07:00" endTime="2026-05-29T02:56:54.4654775-07:00" testType="13cdc9d9-ddb5-4fa4-a97d-d965ccfc6d4b" outcome="Passed" testListId="8c84fa94-04c1-424b-9868-57a2d4851a1d" relativeResultsDirectory="b5fb01ac-28a6-41fc-9191-018d28cd3a3c" />
    <UnitTestResult executionId="7ec3dc24-f84e-4142-85d4-c7ddc1151219" testId="595ad795-85e4-267e-54ec-2ada2be6e75f" testName="Phase6RigRegistryTests.Constants_defines_the_actor_rig_registry_entries" computerName="KOOSHAPARI-DESK" duration="00:00:00.6488088" startTime="2026-05-29T02:56:54.4985445-07:00" endTime="2026-05-29T02:56:55.1616816-07:00" testType="13cdc9d9-ddb5-4fa4-a97d-d965ccfc6d4b" outcome="Failed" testListId="8c84fa94-04c1-424b-9868-57a2d4851a1d" relativeResultsDirectory="7ec3dc24-f84e-4142-85d4-c7ddc1151219">
      <Output>
        <ErrorInfo>
          <Message>Expected source "using System.Collections.Concurrent;
using System.Collections.Generic;
using UnityEngine;
using WorldSphereMod.Effects;
using WorldSphereMod.Rig;

namespace WorldSphereMod
{
    public static class Constants
    {
        public const int ZDisplacement = 100;


        //square root of 1/2
        public const float HalfRoot = 0.70710678118f;
        //idk
        public const float TileHeightDiffSpeed = 4f;

        public static readonly Quaternion ConstRot = Quaternion.Euler(0, 90, 180);
        public static readonly Quaternion ToUpright = Quaternion.Euler(90, 0, 0);
        public static readonly Quaternion FromUpright = Quaternion.Euler(-90, 0, 0);
        public static readonly ConcurrentDictionary&lt;string, EffectData&gt; EffectDatas = new ConcurrentDictionary&lt;string, EffectData&gt;()
        {
            {"fx_meteorite", new EffectData(false) },
            {"fx_fire_smoke", new EffectData(false) },
            {"fx_antimatter_effect", new EffectData(false) },
            {"fx_napalm_flash", new EffectData(false) },
            {"fx_boulder", new EffectData(true) },
            {"fx_explosion_wave", new EffectData(false) },
            {"fx_tile_effect", new EffectData(false) },
            {"fx_cloud", new EffectData(false, true, 21, false, emitCrossedQuad: true) }
        };
        public static readonly ConcurrentDictionary&lt;string, bool&gt; PerpActors = new ConcurrentDictionary&lt;string, bool&gt;();
[...]
    <TestEntry testId="35b87a05-9dc0-a9ac-2d74-d5008fb10800" executionId="25265904-41e4-4a2d-b308-e059d77262c3" testListId="8c84fa94-04c1-424b-9868-57a2d4851a1d" />
    <TestEntry testId="be56c413-2ece-c00c-2e4a-495e67dc234c" executionId="473125d8-db6b-4016-a6e9-d640286937c7" testListId="8c84fa94-04c1-424b-9868-57a2d4851a1d" />
    <TestEntry testId="9887e6aa-ef5c-1f52-44ca-c6e2aac038ad" executionId="335b3db7-bae2-41a1-92d4-6901b210945f" testListId="8c84fa94-04c1-424b-9868-57a2d4851a1d" />
    <TestEntry testId="0f22aa1b-637e-fb41-1810-3d4e9b22f023" executionId="07a714a5-28e4-4545-9852-9b7b115c2049" testListId="8c84fa94-04c1-424b-9868-57a2d4851a1d" />
    <TestEntry testId="0869c8c3-09af-91ff-3a58-f2e6c8749bc4" executionId="212905d7-7d40-4bea-89f2-3738b3517569" testListId="8c84fa94-04c1-424b-9868-57a2d4851a1d" />
    <TestEntry testId="26f21fc7-14b8-bbb6-2826-2c5a0a97d98b" executionId="fd08ab94-cb32-4d76-a5d5-52a886a99bbb" testListId="8c84fa94-04c1-424b-9868-57a2d4851a1d" />
    <TestEntry testId="bad4449f-0abe-a834-db89-235c9cac38cb" executionId="622cb48c-4f63-4787-a0d5-9a199de86912" testListId="8c84fa94-04c1-424b-9868-57a2d4851a1d" />
    <TestEntry testId="56bb021a-83da-bd5a-76ae-358a1f603977" executionId="255d9987-0483-4307-a0c9-489de56b4325" testListId="8c84fa94-04c1-424b-9868-57a2d4851a1d" />
    <TestEntry testId="6eba5f20-dcba-753c-1861-fa21a3ca0cd0" executionId="e4d59add-f25e-484e-8347-668b67a650d6" testListId="8c84fa94-04c1-424b-9868-57a2d4851a1d" />
    <TestEntry testId="bfbc702d-2ac2-f61a-7bbc-ba538494244a" executionId="5e12594e-ec19-4575-a6c0-964a647d8637" testListId="8c84fa94-04c1-424b-9868-57a2d4851a1d" />
    <TestEntry testId="6a11db5b-fa0f-f400-faf9-fbaf64b8f397" executionId="5aed650a-5237-4251-9e0a-80644e731c68" testListId="8c84fa94-04c1-424b-9868-57a2d4851a1d" />
    <TestEntry testId="48df788f-b446-7831-6cb5-37548c2dbb8d" executionId="acf0b6ca-c845-420d-81fb-d046b4644395" testListId="8c84fa94-04c1-424b-9868-57a2d4851a1d" />
    <TestEntry testId="88767c2d-c55c-d6ea-d03d-2efa98ac6bcc" executionId="831961fd-1a64-4882-8fd2-57311e8caa88" testListId="8c84fa94-04c1-424b-9868-57a2d4851a1d" />
    <TestEntry testId="d2f025d2-dadf-2eec-4cf8-163c892e492b" executionId="f4964ec7-957e-4c63-a90f-69de87725211" testListId="8c84fa94-04c1-424b-9868-57a2d4851a1d" />
    <TestEntry testId="3cc47854-f0eb-8ef7-0d37-8214beb63747" executionId="72194cc7-4697-4dcb-883d-f4785088394a" testListId="8c84fa94-04c1-424b-9868-57a2d4851a1d" />
    <TestEntry testId="a1c22a55-978f-08cf-9d85-ed5cdb44c51d" executionId="6d070160-e1cd-4e67-9d63-aca4382b780a" testListId="8c84fa94-04c1-424b-9868-57a2d4851a1d" />
    <TestEntry testId="6bc66152-c340-0944-6afb-a0ebdabbaa96" executionId="9484568c-739b-434c-bae7-ffc5f3cc18bd" testListId="8c84fa94-04c1-424b-9868-57a2d4851a1d" />
    <TestEntry testId="00ec2634-7316-0471-7658-ef78df32974c" executionId="b4484f21-b1d3-4c7d-9a3e-3856a37be931" testListId="8c84fa94-04c1-424b-9868-57a2d4851a1d" />
    <TestEntry testId="1bc3271c-a6f0-9f1b-b463-1792560c05df" executionId="0c4b0911-3442-42d0-b7f6-9c24c9b76813" testListId="8c84fa94-04c1-424b-9868-57a2d4851a1d" />
    <TestEntry testId="45c65b2a-835c-b8b9-49e1-4a532eea7bc7" executionId="49219bf0-fa09-4394-810f-ab7db64cecc4" testListId="8c84fa94-04c1-424b-9868-57a2d4851a1d" />
    <TestEntry testId="14d51239-3f9c-d775-659e-0a733a7509b0" executionId="13a4eff8-7d09-47ba-9a2d-e0b00dde1679" testListId="8c84fa94-04c1-424b-9868-57a2d4851a1d" />
    <TestEntry testId="9b98ee91-cfe4-7dbb-c3d3-e1573eb1fc8c" executionId="fdfeb904-425f-4df4-8fbd-a42bebe965c3" testListId="8c84fa94-04c1-424b-9868-57a2d4851a1d" />
    <TestEntry testId="87e75b00-eb34-766e-df8d-6ce533d61b40" executionId="0e65c58f-5e90-4c70-a25c-e58941bfd6b2" testListId="8c84fa94-04c1-424b-9868-57a2d4851a1d" />
    <TestEntry testId="72dccc3c-5532-79f3-0a95-ff54d1bd0ad9" executionId="b5fb01ac-28a6-41fc-9191-018d28cd3a3c" testListId="8c84fa94-04c1-424b-9868-57a2d4851a1d" />
    <TestEntry testId="595ad795-85e4-267e-54ec-2ada2be6e75f" executionId="7ec3dc24-f84e-4142-85d4-c7ddc1151219" testListId="8c84fa94-04c1-424b-9868-57a2d4851a1d" />
    <TestEntry testId="f73f4284-2a0e-172f-0832-bf81a930b5f6" executionId="bc382518-1372-409a-9c77-46dedb4d4aa7" testListId="8c84fa94-04c1-424b-9868-57a2d4851a1d" />
    <TestEntry testId="81bac293-bf58-ba67-c059-45118d3df574" executionId="b2617afb-8aba-4eef-9efe-db78f186b112" testListId="8c84fa94-04c1-424b-9868-57a2d4851a1d" />
    <TestEntry testId="826a3a9b-d1a9-8bd3-0d01-7492568c311f" executionId="41ae40f8-5f4a-43a1-806b-87dc67da2bee" testListId="8c84fa94-04c1-424b-9868-57a2d4851a1d" />
    <TestEntry testId="9538c03b-f01e-98aa-5bbd-6f4c07ae8083" executionId="d1a5bc99-65dd-4e6a-aecb-6f81c1890247" testListId="8c84fa94-04c1-424b-9868-57a2d4851a1d" />
    <TestEntry testId="814a4e2a-e539-ceb8-c8a7-b7adbb2eca1e" executionId="cf1446bd-724e-49e5-98c2-99c7b1c50c87" testListId="8c84fa94-04c1-424b-9868-57a2d4851a1d" />
    <TestEntry testId="00b0c8e9-d77a-29fa-35b1-d03403870a70" executionId="6d844ba4-d3ad-4a71-b792-ea4341f2b213" testListId="8c84fa94-04c1-424b-9868-57a2d4851a1d" />
    <TestEntry testId="92c23344-ef65-7e61-b0b2-3fe02c6a0f56" executionId="7156b240-18d8-419b-be53-6ce36f4e6d31" testListId="8c84fa94-04c1-424b-9868-57a2d4851a1d" />
    <TestEntry testId="dd84b108-6d83-3de4-328b-c7b91c4c2a2a" executionId="a263daf9-00f3-49bd-98ec-3afaa4d5cb51" testListId="8c84fa94-04c1-424b-9868-57a2d4851a1d" />
    <TestEntry testId="3616975e-3750-a2e6-6670-7d15e0942d9d" executionId="c310e6c5-e6c5-423a-8ab5-513cdff0afef" testListId="8c84fa94-04c1-424b-9868-57a2d4851a1d" />
    <TestEntry testId="055ea834-1e5e-5235-e3e7-a734190898a6" executionId="9880792c-498f-4ae3-a592-a3a92bc3c5fa" testListId="8c84fa94-04c1-424b-9868-57a2d4851a1d" />
    <TestEntry testId="e55819b3-f460-52cb-a984-5d44c2573ae7" executionId="f325bfbd-0a8b-4579-8083-72d3d297d664" testListId="8c84fa94-04c1-424b-9868-57a2d4851a1d" />
    <TestEntry testId="07cf7877-d3da-d9f0-4eda-d98b1576eb87" executionId="c449d7c3-2906-425e-8103-380731b9c85c" testListId="8c84fa94-04c1-424b-9868-57a2d4851a1d" />
    <TestEntry testId="d2983e99-c181-d836-e8cb-6dd8290f3d1f" executionId="0c51543b-526c-4e17-9dfe-a0f5663fd81f" testListId="8c84fa94-04c1-424b-9868-57a2d4851a1d" />
    <TestEntry testId="9b3cad77-9b03-686d-e6de-351c4b0e797c" executionId="a097af93-6b1b-4bfb-810c-f3f776bc13a8" testListId="8c84fa94-04c1-424b-9868-57a2d4851a1d" />
    <TestEntry testId="21463cce-278d-0a7b-35a0-6c2d569e0093" executionId="80830f0f-5648-42f8-99c0-039931c05e86" testListId="8c84fa94-04c1-424b-9868-57a2d4851a1d" />
    <TestEntry testId="6ae9d81b-6e64-94f3-be7e-4e79b4aebbf2" executionId="26de51ca-ee2d-4e23-8dc7-634b64f1b496" testListId="8c84fa94-04c1-424b-9868-57a2d4851a1d" />
    <TestEntry testId="12383b15-a960-9d00-f2b4-82bc0561759f" executionId="3b476219-8017-4a71-9ad6-d0a57b3bd76b" testListId="8c84fa94-04c1-424b-9868-57a2d4851a1d" />
    <TestEntry testId="d51fc267-fa0c-f429-97f4-7b205eb623cf" executionId="cbe7042a-7729-4c6c-9e79-855c8cc1bdce" testListId="8c84fa94-04c1-424b-9868-57a2d4851a1d" />
    <TestEntry testId="4a276c16-00f1-e675-ee46-e5cd8352b2a9" executionId="0dc17892-ac23-4c40-815f-5e07651ee8cc" testListId="8c84fa94-04c1-424b-9868-57a2d4851a1d" />
    <TestEntry testId="c2052c2c-0c24-c96a-7d84-8db2228a4d2d" executionId="ad934b87-595d-4d8b-a6e8-cae1be047358" testListId="8c84fa94-04c1-424b-9868-57a2d4851a1d" />
  </TestEntries>
  <TestLists>
    <TestList name="Results Not in a List" id="8c84fa94-04c1-424b-9868-57a2d4851a1d" />
    <TestList name="All Loaded Results" id="19431567-8539-422a-85d7-44ee4e166bda" />
  </TestLists>
  <ResultSummary outcome="Failed">
    <Counters total="157" executed="154" passed="151" failed="3" error="0" timeout="0" aborted="0" inconclusive="0" passedButRunAborted="0" notRunnable="0" notExecuted="0" disconnected="0" warning="0" completed="0" inProgress="0" pending="0" />
    <Output>
      <StdOut>[xUnit.net 00:00:00.01] xUnit.net VSTest Adapter v3.1.5+1b188a7b0a (64-bit .NET 8.0.27)&#xD;
[xUnit.net 00:00:01.77]   Discovering: WorldSphereMod.Tests.Unit&#xD;
[xUnit.net 00:00:01.98]   Discovered:  WorldSphereMod.Tests.Unit&#xD;
[xUnit.net 00:00:02.15]   Starting:    WorldSphereMod.Tests.Unit&#xD;
[xUnit.net 00:00:02.27]       WorldSphereAPI v1/v2 delegate signatures evolved post-wave-19; fixture rewrite pending&#xD;
[xUnit.net 00:00:02.35]       WorldSphereAPI v1/v2 delegate signatures evolved post-wave-19; fixture rewrite pending&#xD;
Test 'DelegateBindingTests.Reflective_ctor_leaves_v2_members_safe_when_v1_only_host' was skipped in the test run.&#xD;
Test 'DelegateBindingTests.Reflective_ctor_binds_full_v1_surface_against_v1_host' was skipped in the test run.&#xD;
[xUnit.net 00:00:02.39]       WorldSphereAPI v1/v2 delegate signatures evolved post-wave-19; fixture rewrite pending&#xD;
     Warning:&#xD;
     The component "Fluent Assertions" is governed by the rules defined in the Xceed License Agreement and&#xD;
     the Xceed Fluent Assertions Community License. You may use Fluent Assertions free of charge for&#xD;
     non-commercial use only. An active subscription is required to use Fluent Assertions for commercial use.&#xD;
     Please contact Xceed Sales mailto:sales@xceed.com to acquire a subscription at a very low cost.&#xD;
     A paid commercial license supports the development and continued increasing support of&#xD;
     Fluent Assertions users under both commercial and community licenses. Help us&#xD;
     keep Fluent Assertions at the forefront of unit testing.&#xD;
     For more information, visit https://xceed.com/products/unit-testing/fluent-assertions/&#xD;
Test 'DelegateBindingTests.Reflective_ctor_binds_v2_surface_against_v2_host' was skipped in the test run.&#xD;
[xUnit.net 00:00:03.39]       Expected staleCleanup.Success to be True because install.ps1 must also remove any stale WSM3D DLL from a prior install — otherwise the regression persists silently., but found False.&#xD;
[xUnit.net 00:00:03.40]       Stack Trace:&#xD;
[xUnit.net 00:00:03.40]            at FluentAssertions.Primitives.BooleanAssertions`1.BeTrue(String because, Object[] becauseArgs)&#xD;
[xUnit.net 00:00:03.40]         C:\Users\koosh\Dev\WorldSphereMod\tests\WorldSphereMod.Tests.Unit\InstallScriptInvariantsTests.cs(64,0): at InstallScriptInvariantsTests.Install_script_targets_net48_but_skips_DLL_copy_to_avoid_NML_double_load()&#xD;
[xUnit.net 00:00:03.40]            at System.RuntimeMethodHandle.InvokeMethod(Object target, Void** arguments, Signature sig, Boolean isConstructor)&#xD;
[xUnit.net 00:00:03.40]            at System.Reflection.MethodBaseInvoker.InvokeWithNoArgs(Object obj, BindingFlags invokeAttr)&#xD;
[xUnit.net 00:00:03.40]       Expected source "using System.Collections.Concurrent;
using System.Collections.Generic;
using UnityEngine;
using WorldSphereMod.Effects;
using WorldSphereMod.Rig;

namespace WorldSphereMod
{
    public static class Constants
    {
        public const int ZDisplacement = 100;


        //square root of 1/2
        public const float HalfRoot = 0.70710678118f;
        //idk
        public const float TileHeightDiffSpeed = 4f;

        public static readonly Quaternion ConstRot = Quaternion.Euler(0, 90, 180);
        public static readonly Quaternion ToUpright = Quaternion.Euler(90, 0, 0);
        public static readonly Quaternion FromUpright = Quaternion.Euler(-90, 0, 0);
        public static readonly ConcurrentDictionary&lt;string, EffectData&gt; EffectDatas = new ConcurrentDictionary&lt;string, EffectData&gt;()
        {
            {"fx_meteorite", new EffectData(false) },
            {"fx_fire_smoke", new EffectData(false) },
            {"fx_antimatter_effect", new EffectData(false) },
            {"fx_napalm_flash", new EffectData(false) },
            {"fx_boulder", new EffectData(true) },
            {"fx_explosion_wave", new EffectData(false) },
            {"fx_tile_effect", new EffectData(false) },
            {"fx_cloud", new EffectData(false, true, 21, false, emitCrossedQuad: true) }
        };
        public static readonly ConcurrentDictionary&lt;string, bool&gt; PerpActors = new ConcurrentDictionary&lt;string, bool&gt;();
        public static readonly ConcurrentDictionary&lt;string, bool&gt; PerpBuildings = new ConcurrentDictionary&lt;string, bool&gt;();
        public static readonly ConcurrentDictionary&lt;string, bool&gt; PerpProjectiles = new ConcurrentDictionary&lt;string, bool&gt;();
        public static readonly Dictionary&lt;string, RigType&gt; ActorRigTypes = CreateActorRigTypes();

        public static void RegisterActorRig(string assetId, RigType rig)
        {
            if (string.IsNullOrEmpty(assetId))
            {
                return;
            }

            ActorRigTypes[assetId] = rig;
        }

        static readonly string[] _humanoidPrefixes = { "human", "elf", "orc", "dwarf", "goblin", "skeleton", "zombie", "bandit", "mage", "warrior", "king", "demon", "angel", "druid", "necromancer" };
        static readonly string[] _quadrupedPrefixes = { "wolf", "bear", "horse", "cow", "sheep", "pig", "dog", "cat", "fox", "deer", "rabbit", "lion", "turtle", "rhino", "mammoth", "frog", "rat", "fire_elemental_horse" };
        static readonly string[] _birdPrefixes = { "bird", "eagle", "seagull", "pigeon", "bat", "crow", "owl", "chicken" };
        static readonly string[] _insectPrefixes = { "butterfly", "bee", "fly", "firefly" };
        static readonly string[] _snakePrefixes = { "snake", "worm" };

        static Dictionary&lt;string, RigType&gt; CreateActorRigTypes()
        {
            var rigTypes = new Dictionary&lt;string, RigType&gt;();
            AddRigGroup(rigTypes, RigType.Humanoid, "human", "villager", "swordsman", "archer", "mage", "orc", "elf", "dwarf", "goblin", "skeleton", "zombie", "bandit", "necromancer", "druid", "king", "warrior", "plague_doctor", "demon", "angel", "whiteMage", "evilMage");
            AddRigGroup(rigTypes, RigType.Quadruped, "wolf", "bear", "horse", "cow", "sheep", "pig", "dog", "cat", "fox", "deer", "rabbit", "lion", "turtle", "rhino", "mammoth", "frog", "rat");
            AddRigGroup(rigTypes, RigType.Bird, "bird", "eagle", "seagull", "pigeon", "bat", "crow", "owl", "chicken");
            AddRigGroup(rigTypes, RigType.Insect, "butterfly", "bee", "fly", "firefly");
            AddRigGroup(rigTypes, RigType.Snake, "snake");
            AddRigGroup(rigTypes, RigType.None, "sand_spider", "dragon", "crabzilla", "tumor", "ufo");
            return rigTypes;
        }

        static void AddRigGroup(Dictionary&lt;string, RigType&gt; rigTypes, RigType rigType, params string[] assetIds)
        {
            foreach (string assetId in assetIds)
            {
                rigTypes[assetId] = rigType;
            }
        }

        public static RigType ResolveActorRig(string assetId)
        {
            if (string.IsNullOrEmpty(assetId))
            {
                return RigType.Humanoid;
            }

            if (ActorRigTypes.TryGetValue(assetId, out RigType rig))
            {
                return rig;
            }

            if (Rig.VehicleShapeHints.IsVehicleAssetId(assetId))
            {
                return RigType.None;
            }

            string lower = assetId.ToLowerInvariant();
            if (MatchesAnyPrefix(lower, _humanoidPrefixes)) return RigType.Humanoid;
            if (MatchesAnyPrefix(lower, _quadrupedPrefixes)) return RigType.Quadruped;
            if (MatchesAnyPrefix(lower, _birdPrefixes)) return RigType.Bird;
            if (MatchesAnyPrefix(lower, _insectPrefixes)) return RigType.Insect;
            if (MatchesAnyPrefix(lower, _snakePrefixes)) return RigType.Snake;

            return RigType.Humanoid;
        }

        static bool MatchesAnyPrefix(string lower, string[] prefixes)
        {
            foreach (string prefix in prefixes)
            {
                if (lower.StartsWith(prefix) || lower.Contains("_" + prefix) || lower.Contains(prefix + "_"))
                {
                    return true;
                }
            }
            return false;
        }
        public const int SpecialHeight = 4;
        public static float YConst =&gt; 1f / (81 / (Core.Sphere.HeightMult));
        public static Vector3 HighlightedZoneSize =&gt; new Vector3(1, 1 + (10 * YConst), 1);
        public static Vector3 Zero = Vector3.zero;
        public static readonly Quaternion Right = Quaternion.Euler(0, 90, 0);
    }
}
" to contain "["human"]" because ActorRigTypes should include human.&#xD;
[xUnit.net 00:00:03.40]       Stack Trace:&#xD;
[xUnit.net 00:00:03.40]            at FluentAssertions.Primitives.StringAssertions`1.Contain(String expected, String because, Object[] becauseArgs)&#xD;
[xUnit.net 00:00:03.40]         C:\Users\koosh\Dev\WorldSphereMod\tests\WorldSphereMod.Tests.Unit\Phase6RigRegistryTests.cs(52,0): at Phase6RigRegistryTests.Constants_defines_the_actor_rig_registry_entries()&#xD;
[xUnit.net 00:00:03.40]            at System.RuntimeMethodHandle.InvokeMethod(Object target, Void** arguments, Signature sig, Boolean isConstructor)&#xD;
[xUnit.net 00:00:03.40]            at System.Reflection.MethodBaseInvoker.InvokeWithNoArgs(Object obj, BindingFlags invokeAttr)&#xD;
[xUnit.net 00:00:03.40]       Expected match.Success to be True because install.ps1 must define $items array with exactly 6 entries: Code, Assemblies, AssetBundles, GameResources, Locales, mod.json, but found False.&#xD;
[xUnit.net 00:00:03.40]       Stack Trace:&#xD;
[xUnit.net 00:00:03.40]            at FluentAssertions.Primitives.BooleanAssertions`1.BeTrue(String because, Object[] becauseArgs)&#xD;
[xUnit.net 00:00:03.40]         C:\Users\koosh\Dev\WorldSphereMod\tests\WorldSphereMod.Tests.Unit\InstallScriptInvariantsTests.cs(76,0): at InstallScriptInvariantsTests.Install_script_preserves_items_list_with_all_six_entries()&#xD;
[xUnit.net 00:00:03.40]            at System.RuntimeMethodHandle.InvokeMethod(Object target, Void** arguments, Signature sig, Boolean isConstructor)&#xD;
[xUnit.net 00:00:03.40]            at System.Reflection.MethodBaseInvoker.InvokeWithNoArgs(Object obj, BindingFlags invokeAttr)&#xD;
[xUnit.net 00:00:04.42]   Finished:    WorldSphereMod.Tests.Unit&#xD;
</StdOut>
    </Output>
    <RunInfos>
      <RunInfo computerName="KOOSHAPARI-DESK" outcome="Warning" timestamp="2026-05-29T02:56:54.0633152-07:00">
        <Text>[xUnit.net 00:00:02.27]     DelegateBindingTests.Reflective_ctor_leaves_v2_members_safe_when_v1_only_host [SKIP]</Text>
      </RunInfo>
      <RunInfo computerName="KOOSHAPARI-DESK" outcome="Warning" timestamp="2026-05-29T02:56:54.1130756-07:00">
        <Text>[xUnit.net 00:00:02.35]     DelegateBindingTests.Reflective_ctor_binds_full_v1_surface_against_v1_host [SKIP]</Text>
      </RunInfo>
      <RunInfo computerName="KOOSHAPARI-DESK" outcome="Warning" timestamp="2026-05-29T02:56:54.1947524-07:00">
        <Text>[xUnit.net 00:00:02.39]     DelegateBindingTests.Reflective_ctor_binds_v2_surface_against_v2_host [SKIP]</Text>
      </RunInfo>
      <RunInfo computerName="KOOSHAPARI-DESK" outcome="Error" timestamp="2026-05-29T02:56:55.1583437-07:00">
        <Text>[xUnit.net 00:00:03.39]     InstallScriptInvariantsTests.Install_script_targets_net48_but_skips_DLL_copy_to_avoid_NML_double_load [FAIL]</Text>
      </RunInfo>
      <RunInfo computerName="KOOSHAPARI-DESK" outcome="Error" timestamp="2026-05-29T02:56:55.1623105-07:00">
        <Text>[xUnit.net 00:00:03.40]     Phase6RigRegistryTests.Constants_defines_the_actor_rig_registry_entries [FAIL]</Text>
      </RunInfo>
      <RunInfo computerName="KOOSHAPARI-DESK" outcome="Error" timestamp="2026-05-29T02:56:55.1642105-07:00">
        <Text>[xUnit.net 00:00:03.40]     InstallScriptInvariantsTests.Install_script_preserves_items_list_with_all_six_entries [FAIL]</Text>
      </RunInfo>
    </RunInfos>
  </ResultSummary>
</TestRun>